2023/02/04 08:11:39 - mmengine - INFO - 
------------------------------------------------------------
System environment:
    sys.platform: linux
    Python: 3.7.12 | packaged by conda-forge | (default, Oct 26 2021, 06:08:53) [GCC 9.4.0]
    CUDA available: True
    numpy_random_seed: 1792544438
    GPU 0: Tesla P100-PCIE-16GB
    CUDA_HOME: /usr/local/cuda
    NVCC: Cuda compilation tools, release 11.0, V11.0.221
    GCC: gcc (Ubuntu 9.4.0-1ubuntu1~20.04.1) 9.4.0
    PyTorch: 1.11.0
    PyTorch compiling details: PyTorch built with:
  - GCC 9.4
  - C++ Version: 201402
  - Intel(R) oneAPI Math Kernel Library Version 2022.1-Product Build 20220311 for Intel(R) 64 architecture applications
  - Intel(R) MKL-DNN v2.5.2 (Git Hash a9302535553c73243c632ad3c4c80beec3d19a1e)
  - OpenMP 201511 (a.k.a. OpenMP 4.5)
  - LAPACK is enabled (usually provided by MKL)
  - NNPACK is enabled
  - CPU capability usage: AVX512
  - CUDA Runtime 11.0
  - NVCC architecture flags: -gencode;arch=compute_37,code=sm_37;-gencode;arch=compute_60,code=sm_60;-gencode;arch=compute_70,code=sm_70;-gencode;arch=compute_75,code=sm_75;-gencode;arch=compute_70,code=compute_70;-gencode;arch=compute_75,code=compute_75
  - CuDNN 8.0.5
  - Magma 2.5.2
  - Build settings: BLAS_INFO=mkl, BUILD_TYPE=Release, CUDA_VERSION=11.0, CUDNN_VERSION=8.0.5, CXX_COMPILER=/usr/bin/c++, CXX_FLAGS= -Wno-deprecated -fvisibility-inlines-hidden -DUSE_PTHREADPOOL -fopenmp -DNDEBUG -DUSE_KINETO -DUSE_FBGEMM -DUSE_QNNPACK -DUSE_PYTORCH_QNNPACK -DUSE_XNNPACK -DSYMBOLICATE_MOBILE_DEBUG_HANDLE -DEDGE_PROFILER_USE_KINETO -O2 -fPIC -Wno-narrowing -Wall -Wextra -Werror=return-type -Wno-missing-field-initializers -Wno-type-limits -Wno-array-bounds -Wno-unknown-pragmas -Wno-sign-compare -Wno-unused-parameter -Wno-unused-function -Wno-unused-result -Wno-unused-local-typedefs -Wno-strict-overflow -Wno-strict-aliasing -Wno-error=deprecated-declarations -Wno-stringop-overflow -Wno-psabi -Wno-error=pedantic -Wno-error=redundant-decls -Wno-error=old-style-cast -fdiagnostics-color=always -faligned-new -Wno-unused-but-set-variable -Wno-maybe-uninitialized -fno-math-errno -fno-trapping-math -Werror=format -Werror=cast-function-type -Wno-stringop-overflow, LAPACK_INFO=mkl, PERF_WITH_AVX=1, PERF_WITH_AVX2=1, PERF_WITH_AVX512=1, TORCH_VERSION=1.11.0, USE_CUDA=ON, USE_CUDNN=ON, USE_EXCEPTION_PTR=1, USE_GFLAGS=OFF, USE_GLOG=OFF, USE_MKL=ON, USE_MKLDNN=OFF, USE_MPI=OFF, USE_NCCL=ON, USE_NNPACK=ON, USE_OPENMP=ON, USE_ROCM=OFF, 

    TorchVision: 0.12.0
    OpenCV: 4.5.4
    MMEngine: 0.5.0

Runtime environment:
    cudnn_benchmark: False
    mp_cfg: {'mp_start_method': 'fork', 'opencv_num_threads': 0}
    dist_cfg: {'backend': 'nccl'}
    seed: None
    deterministic: False
    Distributed launcher: none
    Distributed training: False
    GPU number: 1
------------------------------------------------------------

2023/02/04 08:11:40 - mmengine - INFO - Config:
model = dict(
    type='ImageClassifier',
    backbone=dict(
        type='ResNet_CIFAR',
        depth=18,
        num_stages=4,
        out_indices=(3, ),
        style='pytorch'),
    neck=dict(type='GlobalAveragePooling'),
    head=dict(
        type='LinearClsHead',
        num_classes=10,
        in_channels=512,
        loss=dict(
            type='LabelSmoothLoss', label_smooth_val=0.1, loss_weight=1.0)))
dataset_type = 'CIFAR10'
data_preprocessor = dict(
    num_classes=10,
    mean=[125.307, 122.961, 113.8575],
    std=[51.5865, 50.847, 51.255],
    to_rgb=False)
train_pipeline = [
    dict(type='RandomCrop', crop_size=32, padding=4),
    dict(type='RandomFlip', prob=0.5, direction='horizontal'),
    dict(type='PackClsInputs')
]
test_pipeline = [dict(type='PackClsInputs')]
train_dataloader = dict(
    pin_memory=True,
    persistent_workers=True,
    collate_fn=dict(type='default_collate'),
    batch_size=256,
    num_workers=2,
    dataset=dict(
        type='CIFAR10',
        data_prefix='data/cifar10',
        test_mode=False,
        pipeline=[
            dict(type='RandomCrop', crop_size=32, padding=4),
            dict(type='RandomFlip', prob=0.5, direction='horizontal'),
            dict(type='PackClsInputs')
        ]),
    sampler=dict(type='DefaultSampler', shuffle=True))
val_dataloader = dict(
    pin_memory=True,
    persistent_workers=True,
    collate_fn=dict(type='default_collate'),
    batch_size=256,
    num_workers=2,
    dataset=dict(
        type='CIFAR10',
        data_prefix='data/cifar10/',
        test_mode=True,
        pipeline=[dict(type='PackClsInputs')]),
    sampler=dict(type='DefaultSampler', shuffle=False))
val_evaluator = dict(type='Accuracy', topk=(1, ))
test_dataloader = dict(
    pin_memory=True,
    persistent_workers=True,
    collate_fn=dict(type='default_collate'),
    batch_size=256,
    num_workers=2,
    dataset=dict(
        type='CIFAR10',
        data_prefix='data/cifar10/',
        test_mode=True,
        pipeline=[dict(type='PackClsInputs')]),
    sampler=dict(type='DefaultSampler', shuffle=False))
test_evaluator = dict(type='Accuracy', topk=(1, ))
optim_wrapper = dict(optimizer=dict(type='Adam', lr=0.1))
param_scheduler = dict(
    type='MultiStepLR', by_epoch=True, milestones=[50, 75], gamma=0.1)
train_cfg = dict(by_epoch=True, max_epochs=100, val_interval=5)
val_cfg = dict()
test_cfg = dict()
auto_scale_lr = dict(base_batch_size=128)
default_scope = 'mmcls'
default_hooks = dict(
    timer=dict(type='IterTimerHook'),
    logger=dict(type='LoggerHook', interval=50),
    param_scheduler=dict(type='ParamSchedulerHook'),
    checkpoint=dict(type='CheckpointHook', interval=20),
    sampler_seed=dict(type='DistSamplerSeedHook'),
    visualization=dict(type='VisualizationHook', enable=False))
env_cfg = dict(
    cudnn_benchmark=False,
    mp_cfg=dict(mp_start_method='fork', opencv_num_threads=0),
    dist_cfg=dict(backend='nccl'))
vis_backends = [dict(type='LocalVisBackend')]
visualizer = dict(
    type='ClsVisualizer', vis_backends=[dict(type='LocalVisBackend')])
log_level = 'INFO'
load_from = None
resume = False
randomness = dict(seed=None, deterministic=False)
launcher = 'none'
work_dir = './work_dirs/resnet18_cifar10'

2023/02/04 08:11:40 - mmengine - WARNING - The "visualizer" registry in mmcls did not set import location. Fallback to call `mmcls.utils.register_all_modules` instead.
2023/02/04 08:11:40 - mmengine - WARNING - The "vis_backend" registry in mmcls did not set import location. Fallback to call `mmcls.utils.register_all_modules` instead.
2023/02/04 08:11:40 - mmengine - WARNING - The "model" registry in mmcls did not set import location. Fallback to call `mmcls.utils.register_all_modules` instead.
2023/02/04 08:11:43 - mmengine - INFO - Distributed training is not used, all SyncBatchNorm (SyncBN) layers in the model will be automatically reverted to BatchNormXd layers if they are used.
2023/02/04 08:11:43 - mmengine - WARNING - The "hook" registry in mmcls did not set import location. Fallback to call `mmcls.utils.register_all_modules` instead.
2023/02/04 08:11:43 - mmengine - INFO - Hooks will be executed in the following order:
before_run:
(VERY_HIGH   ) RuntimeInfoHook                    
(BELOW_NORMAL) LoggerHook                         
 -------------------- 
before_train:
(VERY_HIGH   ) RuntimeInfoHook                    
(NORMAL      ) IterTimerHook                      
(VERY_LOW    ) CheckpointHook                     
 -------------------- 
before_train_epoch:
(VERY_HIGH   ) RuntimeInfoHook                    
(NORMAL      ) IterTimerHook                      
(NORMAL      ) DistSamplerSeedHook                
 -------------------- 
before_train_iter:
(VERY_HIGH   ) RuntimeInfoHook                    
(NORMAL      ) IterTimerHook                      
 -------------------- 
after_train_iter:
(VERY_HIGH   ) RuntimeInfoHook                    
(NORMAL      ) IterTimerHook                      
(BELOW_NORMAL) LoggerHook                         
(LOW         ) ParamSchedulerHook                 
(VERY_LOW    ) CheckpointHook                     
 -------------------- 
after_train_epoch:
(NORMAL      ) IterTimerHook                      
(LOW         ) ParamSchedulerHook                 
(VERY_LOW    ) CheckpointHook                     
 -------------------- 
before_val_epoch:
(NORMAL      ) IterTimerHook                      
 -------------------- 
before_val_iter:
(NORMAL      ) IterTimerHook                      
 -------------------- 
after_val_iter:
(NORMAL      ) IterTimerHook                      
(NORMAL      ) VisualizationHook                  
(BELOW_NORMAL) LoggerHook                         
 -------------------- 
after_val_epoch:
(VERY_HIGH   ) RuntimeInfoHook                    
(NORMAL      ) IterTimerHook                      
(BELOW_NORMAL) LoggerHook                         
(LOW         ) ParamSchedulerHook                 
(VERY_LOW    ) CheckpointHook                     
 -------------------- 
before_test_epoch:
(NORMAL      ) IterTimerHook                      
 -------------------- 
before_test_iter:
(NORMAL      ) IterTimerHook                      
 -------------------- 
after_test_iter:
(NORMAL      ) IterTimerHook                      
(NORMAL      ) VisualizationHook                  
(BELOW_NORMAL) LoggerHook                         
 -------------------- 
after_test_epoch:
(VERY_HIGH   ) RuntimeInfoHook                    
(NORMAL      ) IterTimerHook                      
(BELOW_NORMAL) LoggerHook                         
 -------------------- 
after_run:
(BELOW_NORMAL) LoggerHook                         
 -------------------- 
2023/02/04 08:11:43 - mmengine - WARNING - The "dataset" registry in mmcls did not set import location. Fallback to call `mmcls.utils.register_all_modules` instead.
2023/02/04 08:11:43 - mmengine - WARNING - The "transform" registry in mmcls did not set import location. Fallback to call `mmcls.utils.register_all_modules` instead.
2023/02/04 08:12:01 - mmengine - WARNING - The "data sampler" registry in mmcls did not set import location. Fallback to call `mmcls.utils.register_all_modules` instead.
2023/02/04 08:12:01 - mmengine - WARNING - The "optimizer wrapper constructor" registry in mmcls did not set import location. Fallback to call `mmcls.utils.register_all_modules` instead.
2023/02/04 08:12:01 - mmengine - WARNING - The "optimizer" registry in mmcls did not set import location. Fallback to call `mmcls.utils.register_all_modules` instead.
2023/02/04 08:12:01 - mmengine - WARNING - The "optimizer_wrapper" registry in mmcls did not set import location. Fallback to call `mmcls.utils.register_all_modules` instead.
2023/02/04 08:12:01 - mmengine - WARNING - The "parameter scheduler" registry in mmcls did not set import location. Fallback to call `mmcls.utils.register_all_modules` instead.
2023/02/04 08:12:02 - mmengine - WARNING - The "metric" registry in mmcls did not set import location. Fallback to call `mmcls.utils.register_all_modules` instead.
2023/02/04 08:12:02 - mmengine - WARNING - The "weight initializer" registry in mmcls did not set import location. Fallback to call `mmcls.utils.register_all_modules` instead.
Name of parameter - Initialization information

backbone.conv1.weight - torch.Size([64, 3, 3, 3]): 
KaimingInit: a=0, mode=fan_out, nonlinearity=relu, distribution =normal, bias=0 

backbone.bn1.weight - torch.Size([64]): 
The value is the same before and after calling `init_weights` of ImageClassifier  

backbone.bn1.bias - torch.Size([64]): 
The value is the same before and after calling `init_weights` of ImageClassifier  

backbone.layer1.0.conv1.weight - torch.Size([64, 64, 3, 3]): 
KaimingInit: a=0, mode=fan_out, nonlinearity=relu, distribution =normal, bias=0 

backbone.layer1.0.bn1.weight - torch.Size([64]): 
The value is the same before and after calling `init_weights` of ImageClassifier  

backbone.layer1.0.bn1.bias - torch.Size([64]): 
The value is the same before and after calling `init_weights` of ImageClassifier  

backbone.layer1.0.conv2.weight - torch.Size([64, 64, 3, 3]): 
KaimingInit: a=0, mode=fan_out, nonlinearity=relu, distribution =normal, bias=0 

backbone.layer1.0.bn2.weight - torch.Size([64]): 
Initialized by user-defined `init_weights` in ResNet_CIFAR  

backbone.layer1.0.bn2.bias - torch.Size([64]): 
The value is the same before and after calling `init_weights` of ImageClassifier  

backbone.layer1.1.conv1.weight - torch.Size([64, 64, 3, 3]): 
KaimingInit: a=0, mode=fan_out, nonlinearity=relu, distribution =normal, bias=0 

backbone.layer1.1.bn1.weight - torch.Size([64]): 
The value is the same before and after calling `init_weights` of ImageClassifier  

backbone.layer1.1.bn1.bias - torch.Size([64]): 
The value is the same before and after calling `init_weights` of ImageClassifier  

backbone.layer1.1.conv2.weight - torch.Size([64, 64, 3, 3]): 
KaimingInit: a=0, mode=fan_out, nonlinearity=relu, distribution =normal, bias=0 

backbone.layer1.1.bn2.weight - torch.Size([64]): 
Initialized by user-defined `init_weights` in ResNet_CIFAR  

backbone.layer1.1.bn2.bias - torch.Size([64]): 
The value is the same before and after calling `init_weights` of ImageClassifier  

backbone.layer2.0.conv1.weight - torch.Size([128, 64, 3, 3]): 
KaimingInit: a=0, mode=fan_out, nonlinearity=relu, distribution =normal, bias=0 

backbone.layer2.0.bn1.weight - torch.Size([128]): 
The value is the same before and after calling `init_weights` of ImageClassifier  

backbone.layer2.0.bn1.bias - torch.Size([128]): 
The value is the same before and after calling `init_weights` of ImageClassifier  

backbone.layer2.0.conv2.weight - torch.Size([128, 128, 3, 3]): 
KaimingInit: a=0, mode=fan_out, nonlinearity=relu, distribution =normal, bias=0 

backbone.layer2.0.bn2.weight - torch.Size([128]): 
Initialized by user-defined `init_weights` in ResNet_CIFAR  

backbone.layer2.0.bn2.bias - torch.Size([128]): 
The value is the same before and after calling `init_weights` of ImageClassifier  

backbone.layer2.0.downsample.0.weight - torch.Size([128, 64, 1, 1]): 
KaimingInit: a=0, mode=fan_out, nonlinearity=relu, distribution =normal, bias=0 

backbone.layer2.0.downsample.1.weight - torch.Size([128]): 
The value is the same before and after calling `init_weights` of ImageClassifier  

backbone.layer2.0.downsample.1.bias - torch.Size([128]): 
The value is the same before and after calling `init_weights` of ImageClassifier  

backbone.layer2.1.conv1.weight - torch.Size([128, 128, 3, 3]): 
KaimingInit: a=0, mode=fan_out, nonlinearity=relu, distribution =normal, bias=0 

backbone.layer2.1.bn1.weight - torch.Size([128]): 
The value is the same before and after calling `init_weights` of ImageClassifier  

backbone.layer2.1.bn1.bias - torch.Size([128]): 
The value is the same before and after calling `init_weights` of ImageClassifier  

backbone.layer2.1.conv2.weight - torch.Size([128, 128, 3, 3]): 
KaimingInit: a=0, mode=fan_out, nonlinearity=relu, distribution =normal, bias=0 

backbone.layer2.1.bn2.weight - torch.Size([128]): 
Initialized by user-defined `init_weights` in ResNet_CIFAR  

backbone.layer2.1.bn2.bias - torch.Size([128]): 
The value is the same before and after calling `init_weights` of ImageClassifier  

backbone.layer3.0.conv1.weight - torch.Size([256, 128, 3, 3]): 
KaimingInit: a=0, mode=fan_out, nonlinearity=relu, distribution =normal, bias=0 

backbone.layer3.0.bn1.weight - torch.Size([256]): 
The value is the same before and after calling `init_weights` of ImageClassifier  

backbone.layer3.0.bn1.bias - torch.Size([256]): 
The value is the same before and after calling `init_weights` of ImageClassifier  

backbone.layer3.0.conv2.weight - torch.Size([256, 256, 3, 3]): 
KaimingInit: a=0, mode=fan_out, nonlinearity=relu, distribution =normal, bias=0 

backbone.layer3.0.bn2.weight - torch.Size([256]): 
Initialized by user-defined `init_weights` in ResNet_CIFAR  

backbone.layer3.0.bn2.bias - torch.Size([256]): 
The value is the same before and after calling `init_weights` of ImageClassifier  

backbone.layer3.0.downsample.0.weight - torch.Size([256, 128, 1, 1]): 
KaimingInit: a=0, mode=fan_out, nonlinearity=relu, distribution =normal, bias=0 

backbone.layer3.0.downsample.1.weight - torch.Size([256]): 
The value is the same before and after calling `init_weights` of ImageClassifier  

backbone.layer3.0.downsample.1.bias - torch.Size([256]): 
The value is the same before and after calling `init_weights` of ImageClassifier  

backbone.layer3.1.conv1.weight - torch.Size([256, 256, 3, 3]): 
KaimingInit: a=0, mode=fan_out, nonlinearity=relu, distribution =normal, bias=0 

backbone.layer3.1.bn1.weight - torch.Size([256]): 
The value is the same before and after calling `init_weights` of ImageClassifier  

backbone.layer3.1.bn1.bias - torch.Size([256]): 
The value is the same before and after calling `init_weights` of ImageClassifier  

backbone.layer3.1.conv2.weight - torch.Size([256, 256, 3, 3]): 
KaimingInit: a=0, mode=fan_out, nonlinearity=relu, distribution =normal, bias=0 

backbone.layer3.1.bn2.weight - torch.Size([256]): 
Initialized by user-defined `init_weights` in ResNet_CIFAR  

backbone.layer3.1.bn2.bias - torch.Size([256]): 
The value is the same before and after calling `init_weights` of ImageClassifier  

backbone.layer4.0.conv1.weight - torch.Size([512, 256, 3, 3]): 
KaimingInit: a=0, mode=fan_out, nonlinearity=relu, distribution =normal, bias=0 

backbone.layer4.0.bn1.weight - torch.Size([512]): 
The value is the same before and after calling `init_weights` of ImageClassifier  

backbone.layer4.0.bn1.bias - torch.Size([512]): 
The value is the same before and after calling `init_weights` of ImageClassifier  

backbone.layer4.0.conv2.weight - torch.Size([512, 512, 3, 3]): 
KaimingInit: a=0, mode=fan_out, nonlinearity=relu, distribution =normal, bias=0 

backbone.layer4.0.bn2.weight - torch.Size([512]): 
Initialized by user-defined `init_weights` in ResNet_CIFAR  

backbone.layer4.0.bn2.bias - torch.Size([512]): 
The value is the same before and after calling `init_weights` of ImageClassifier  

backbone.layer4.0.downsample.0.weight - torch.Size([512, 256, 1, 1]): 
KaimingInit: a=0, mode=fan_out, nonlinearity=relu, distribution =normal, bias=0 

backbone.layer4.0.downsample.1.weight - torch.Size([512]): 
The value is the same before and after calling `init_weights` of ImageClassifier  

backbone.layer4.0.downsample.1.bias - torch.Size([512]): 
The value is the same before and after calling `init_weights` of ImageClassifier  

backbone.layer4.1.conv1.weight - torch.Size([512, 512, 3, 3]): 
KaimingInit: a=0, mode=fan_out, nonlinearity=relu, distribution =normal, bias=0 

backbone.layer4.1.bn1.weight - torch.Size([512]): 
The value is the same before and after calling `init_weights` of ImageClassifier  

backbone.layer4.1.bn1.bias - torch.Size([512]): 
The value is the same before and after calling `init_weights` of ImageClassifier  

backbone.layer4.1.conv2.weight - torch.Size([512, 512, 3, 3]): 
KaimingInit: a=0, mode=fan_out, nonlinearity=relu, distribution =normal, bias=0 

backbone.layer4.1.bn2.weight - torch.Size([512]): 
Initialized by user-defined `init_weights` in ResNet_CIFAR  

backbone.layer4.1.bn2.bias - torch.Size([512]): 
The value is the same before and after calling `init_weights` of ImageClassifier  

head.fc.weight - torch.Size([10, 512]): 
NormalInit: mean=0, std=0.01, bias=0 

head.fc.bias - torch.Size([10]): 
NormalInit: mean=0, std=0.01, bias=0 
2023/02/04 08:12:02 - mmengine - INFO - Checkpoints will be saved to /kaggle/working/mmclassification/work_dirs/resnet18_cifar10.
2023/02/04 08:12:19 - mmengine - INFO - Epoch(train)   [1][ 50/196]  lr: 1.0000e-01  eta: 1:50:13  time: 0.1949  data_time: 0.0011  memory: 1999  loss: 2.3047
2023/02/04 08:12:29 - mmengine - INFO - Epoch(train)   [1][100/196]  lr: 1.0000e-01  eta: 1:26:56  time: 0.1943  data_time: 0.0011  memory: 1999  loss: 2.2926
2023/02/04 08:12:39 - mmengine - INFO - Epoch(train)   [1][150/196]  lr: 1.0000e-01  eta: 1:19:33  time: 0.1976  data_time: 0.0016  memory: 1999  loss: 2.0621
2023/02/04 08:12:48 - mmengine - INFO - Exp name: resnet18_cifar10_20230204_081138
2023/02/04 08:12:58 - mmengine - INFO - Epoch(train)   [2][ 50/196]  lr: 1.0000e-01  eta: 1:13:05  time: 0.1972  data_time: 0.0012  memory: 1999  loss: 1.9049
2023/02/04 08:13:08 - mmengine - INFO - Epoch(train)   [2][100/196]  lr: 1.0000e-01  eta: 1:11:33  time: 0.1977  data_time: 0.0012  memory: 1999  loss: 1.8404
2023/02/04 08:13:18 - mmengine - INFO - Epoch(train)   [2][150/196]  lr: 1.0000e-01  eta: 1:10:17  time: 0.1964  data_time: 0.0011  memory: 1999  loss: 1.7609
2023/02/04 08:13:27 - mmengine - INFO - Exp name: resnet18_cifar10_20230204_081138
2023/02/04 08:13:37 - mmengine - INFO - Epoch(train)   [3][ 50/196]  lr: 1.0000e-01  eta: 1:08:31  time: 0.2084  data_time: 0.0056  memory: 1999  loss: 1.6926
2023/02/04 08:13:47 - mmengine - INFO - Epoch(train)   [3][100/196]  lr: 1.0000e-01  eta: 1:07:48  time: 0.1966  data_time: 0.0017  memory: 1999  loss: 1.5827
2023/02/04 08:13:57 - mmengine - INFO - Epoch(train)   [3][150/196]  lr: 1.0000e-01  eta: 1:07:09  time: 0.1971  data_time: 0.0011  memory: 1999  loss: 1.4809
2023/02/04 08:14:06 - mmengine - INFO - Exp name: resnet18_cifar10_20230204_081138
2023/02/04 08:14:16 - mmengine - INFO - Epoch(train)   [4][ 50/196]  lr: 1.0000e-01  eta: 1:06:18  time: 0.1948  data_time: 0.0010  memory: 1999  loss: 1.4248
2023/02/04 08:14:26 - mmengine - INFO - Epoch(train)   [4][100/196]  lr: 1.0000e-01  eta: 1:05:50  time: 0.1944  data_time: 0.0010  memory: 1999  loss: 1.4003
2023/02/04 08:14:36 - mmengine - INFO - Epoch(train)   [4][150/196]  lr: 1.0000e-01  eta: 1:05:27  time: 0.2020  data_time: 0.0023  memory: 1999  loss: 1.3534
2023/02/04 08:14:45 - mmengine - INFO - Exp name: resnet18_cifar10_20230204_081138
2023/02/04 08:14:55 - mmengine - INFO - Epoch(train)   [5][ 50/196]  lr: 1.0000e-01  eta: 1:04:51  time: 0.2052  data_time: 0.0034  memory: 1999  loss: 1.2780
2023/02/04 08:15:05 - mmengine - INFO - Epoch(train)   [5][100/196]  lr: 1.0000e-01  eta: 1:04:29  time: 0.1968  data_time: 0.0014  memory: 1999  loss: 1.2837
2023/02/04 08:15:15 - mmengine - INFO - Epoch(train)   [5][150/196]  lr: 1.0000e-01  eta: 1:04:13  time: 0.1964  data_time: 0.0014  memory: 1999  loss: 1.2540
2023/02/04 08:15:24 - mmengine - INFO - Exp name: resnet18_cifar10_20230204_081138
2023/02/04 08:15:28 - mmengine - INFO - Epoch(val) [5][40/40]  accuracy/top1: 64.3400
2023/02/04 08:15:32 - mmengine - INFO - Exp name: resnet18_cifar10_20230204_081138
2023/02/04 08:15:38 - mmengine - INFO - Epoch(train)   [6][ 50/196]  lr: 1.0000e-01  eta: 1:03:40  time: 0.1985  data_time: 0.0011  memory: 1999  loss: 1.1751
2023/02/04 08:15:48 - mmengine - INFO - Epoch(train)   [6][100/196]  lr: 1.0000e-01  eta: 1:03:27  time: 0.1947  data_time: 0.0011  memory: 1999  loss: 1.1737
2023/02/04 08:15:58 - mmengine - INFO - Epoch(train)   [6][150/196]  lr: 1.0000e-01  eta: 1:03:11  time: 0.1965  data_time: 0.0012  memory: 1999  loss: 1.1503
2023/02/04 08:16:07 - mmengine - INFO - Exp name: resnet18_cifar10_20230204_081138
2023/02/04 08:16:17 - mmengine - INFO - Epoch(train)   [7][ 50/196]  lr: 1.0000e-01  eta: 1:02:43  time: 0.2129  data_time: 0.0035  memory: 1999  loss: 1.1552
2023/02/04 08:16:27 - mmengine - INFO - Epoch(train)   [7][100/196]  lr: 1.0000e-01  eta: 1:02:29  time: 0.2000  data_time: 0.0025  memory: 1999  loss: 1.0627
2023/02/04 08:16:37 - mmengine - INFO - Epoch(train)   [7][150/196]  lr: 1.0000e-01  eta: 1:02:13  time: 0.1950  data_time: 0.0011  memory: 1999  loss: 1.0680
2023/02/04 08:16:46 - mmengine - INFO - Exp name: resnet18_cifar10_20230204_081138
2023/02/04 08:16:56 - mmengine - INFO - Epoch(train)   [8][ 50/196]  lr: 1.0000e-01  eta: 1:01:48  time: 0.2010  data_time: 0.0021  memory: 1999  loss: 1.0688
2023/02/04 08:17:06 - mmengine - INFO - Epoch(train)   [8][100/196]  lr: 1.0000e-01  eta: 1:01:34  time: 0.1953  data_time: 0.0012  memory: 1999  loss: 1.0165
2023/02/04 08:17:16 - mmengine - INFO - Epoch(train)   [8][150/196]  lr: 1.0000e-01  eta: 1:01:23  time: 0.1983  data_time: 0.0014  memory: 1999  loss: 1.0333
2023/02/04 08:17:25 - mmengine - INFO - Exp name: resnet18_cifar10_20230204_081138
2023/02/04 08:17:35 - mmengine - INFO - Epoch(train)   [9][ 50/196]  lr: 1.0000e-01  eta: 1:00:59  time: 0.1949  data_time: 0.0010  memory: 1999  loss: 0.9518
2023/02/04 08:17:45 - mmengine - INFO - Epoch(train)   [9][100/196]  lr: 1.0000e-01  eta: 1:00:46  time: 0.1953  data_time: 0.0011  memory: 1999  loss: 1.0052
2023/02/04 08:17:55 - mmengine - INFO - Epoch(train)   [9][150/196]  lr: 1.0000e-01  eta: 1:00:34  time: 0.1952  data_time: 0.0011  memory: 1999  loss: 0.9477
2023/02/04 08:18:04 - mmengine - INFO - Exp name: resnet18_cifar10_20230204_081138
2023/02/04 08:18:14 - mmengine - INFO - Epoch(train)  [10][ 50/196]  lr: 1.0000e-01  eta: 1:00:10  time: 0.2025  data_time: 0.0028  memory: 1999  loss: 0.9331
2023/02/04 08:18:24 - mmengine - INFO - Epoch(train)  [10][100/196]  lr: 1.0000e-01  eta: 0:59:58  time: 0.2088  data_time: 0.0066  memory: 1999  loss: 0.9092
2023/02/04 08:18:34 - mmengine - INFO - Epoch(train)  [10][150/196]  lr: 1.0000e-01  eta: 0:59:46  time: 0.1974  data_time: 0.0012  memory: 1999  loss: 0.9257
2023/02/04 08:18:43 - mmengine - INFO - Exp name: resnet18_cifar10_20230204_081138
2023/02/04 08:18:46 - mmengine - INFO - Epoch(val) [10][40/40]  accuracy/top1: 75.7500
2023/02/04 08:18:54 - mmengine - INFO - Exp name: resnet18_cifar10_20230204_081138
2023/02/04 08:18:56 - mmengine - INFO - Epoch(train)  [11][ 50/196]  lr: 1.0000e-01  eta: 0:59:24  time: 0.2085  data_time: 0.0039  memory: 1999  loss: 0.9244
2023/02/04 08:19:06 - mmengine - INFO - Epoch(train)  [11][100/196]  lr: 1.0000e-01  eta: 0:59:14  time: 0.1992  data_time: 0.0014  memory: 1999  loss: 0.8842
2023/02/04 08:19:16 - mmengine - INFO - Epoch(train)  [11][150/196]  lr: 1.0000e-01  eta: 0:59:02  time: 0.1970  data_time: 0.0012  memory: 1999  loss: 0.9036
2023/02/04 08:19:25 - mmengine - INFO - Exp name: resnet18_cifar10_20230204_081138
2023/02/04 08:19:36 - mmengine - INFO - Epoch(train)  [12][ 50/196]  lr: 1.0000e-01  eta: 0:58:41  time: 0.1951  data_time: 0.0011  memory: 1999  loss: 0.8722
2023/02/04 08:19:46 - mmengine - INFO - Epoch(train)  [12][100/196]  lr: 1.0000e-01  eta: 0:58:30  time: 0.1987  data_time: 0.0014  memory: 1999  loss: 0.8606
2023/02/04 08:19:56 - mmengine - INFO - Epoch(train)  [12][150/196]  lr: 1.0000e-01  eta: 0:58:18  time: 0.1992  data_time: 0.0014  memory: 1999  loss: 0.8725
2023/02/04 08:20:05 - mmengine - INFO - Exp name: resnet18_cifar10_20230204_081138
2023/02/04 08:20:15 - mmengine - INFO - Epoch(train)  [13][ 50/196]  lr: 1.0000e-01  eta: 0:57:58  time: 0.2116  data_time: 0.0014  memory: 1999  loss: 0.8467
2023/02/04 08:20:25 - mmengine - INFO - Epoch(train)  [13][100/196]  lr: 1.0000e-01  eta: 0:57:46  time: 0.1979  data_time: 0.0016  memory: 1999  loss: 0.8438
2023/02/04 08:20:35 - mmengine - INFO - Epoch(train)  [13][150/196]  lr: 1.0000e-01  eta: 0:57:35  time: 0.2056  data_time: 0.0031  memory: 1999  loss: 0.8517
2023/02/04 08:20:44 - mmengine - INFO - Exp name: resnet18_cifar10_20230204_081138
2023/02/04 08:20:54 - mmengine - INFO - Epoch(train)  [14][ 50/196]  lr: 1.0000e-01  eta: 0:57:14  time: 0.1995  data_time: 0.0016  memory: 1999  loss: 0.8377
2023/02/04 08:21:04 - mmengine - INFO - Epoch(train)  [14][100/196]  lr: 1.0000e-01  eta: 0:57:03  time: 0.1960  data_time: 0.0012  memory: 1999  loss: 0.8705
2023/02/04 08:21:14 - mmengine - INFO - Epoch(train)  [14][150/196]  lr: 1.0000e-01  eta: 0:56:52  time: 0.1962  data_time: 0.0012  memory: 1999  loss: 0.8368
2023/02/04 08:21:23 - mmengine - INFO - Exp name: resnet18_cifar10_20230204_081138
2023/02/04 08:21:33 - mmengine - INFO - Epoch(train)  [15][ 50/196]  lr: 1.0000e-01  eta: 0:56:31  time: 0.1953  data_time: 0.0011  memory: 1999  loss: 0.8051
2023/02/04 08:21:43 - mmengine - INFO - Epoch(train)  [15][100/196]  lr: 1.0000e-01  eta: 0:56:21  time: 0.2013  data_time: 0.0022  memory: 1999  loss: 0.8323
2023/02/04 08:21:53 - mmengine - INFO - Epoch(train)  [15][150/196]  lr: 1.0000e-01  eta: 0:56:09  time: 0.2001  data_time: 0.0031  memory: 1999  loss: 0.8252
2023/02/04 08:22:02 - mmengine - INFO - Exp name: resnet18_cifar10_20230204_081138
2023/02/04 08:22:05 - mmengine - INFO - Epoch(val) [15][40/40]  accuracy/top1: 83.3500
2023/02/04 08:22:15 - mmengine - INFO - Epoch(train)  [16][ 50/196]  lr: 1.0000e-01  eta: 0:55:49  time: 0.2027  data_time: 0.0026  memory: 1999  loss: 0.7886
2023/02/04 08:22:17 - mmengine - INFO - Exp name: resnet18_cifar10_20230204_081138
2023/02/04 08:22:25 - mmengine - INFO - Epoch(train)  [16][100/196]  lr: 1.0000e-01  eta: 0:55:38  time: 0.1985  data_time: 0.0013  memory: 1999  loss: 0.8050
2023/02/04 08:22:35 - mmengine - INFO - Epoch(train)  [16][150/196]  lr: 1.0000e-01  eta: 0:55:26  time: 0.1957  data_time: 0.0011  memory: 1999  loss: 0.8075
2023/02/04 08:22:44 - mmengine - INFO - Exp name: resnet18_cifar10_20230204_081138
2023/02/04 08:22:54 - mmengine - INFO - Epoch(train)  [17][ 50/196]  lr: 1.0000e-01  eta: 0:55:07  time: 0.1961  data_time: 0.0011  memory: 1999  loss: 0.8050
2023/02/04 08:23:04 - mmengine - INFO - Epoch(train)  [17][100/196]  lr: 1.0000e-01  eta: 0:54:56  time: 0.1976  data_time: 0.0012  memory: 1999  loss: 0.7786
2023/02/04 08:23:14 - mmengine - INFO - Epoch(train)  [17][150/196]  lr: 1.0000e-01  eta: 0:54:46  time: 0.2234  data_time: 0.0045  memory: 1999  loss: 0.7994
2023/02/04 08:23:23 - mmengine - INFO - Exp name: resnet18_cifar10_20230204_081138
2023/02/04 08:23:33 - mmengine - INFO - Epoch(train)  [18][ 50/196]  lr: 1.0000e-01  eta: 0:54:25  time: 0.1983  data_time: 0.0031  memory: 1999  loss: 0.7676
2023/02/04 08:23:43 - mmengine - INFO - Epoch(train)  [18][100/196]  lr: 1.0000e-01  eta: 0:54:14  time: 0.2011  data_time: 0.0045  memory: 1999  loss: 0.7496
2023/02/04 08:23:53 - mmengine - INFO - Epoch(train)  [18][150/196]  lr: 1.0000e-01  eta: 0:54:04  time: 0.1967  data_time: 0.0013  memory: 1999  loss: 0.7875
2023/02/04 08:24:02 - mmengine - INFO - Exp name: resnet18_cifar10_20230204_081138
2023/02/04 08:24:12 - mmengine - INFO - Epoch(train)  [19][ 50/196]  lr: 1.0000e-01  eta: 0:53:44  time: 0.1983  data_time: 0.0022  memory: 1999  loss: 0.7496
2023/02/04 08:24:22 - mmengine - INFO - Epoch(train)  [19][100/196]  lr: 1.0000e-01  eta: 0:53:33  time: 0.1971  data_time: 0.0012  memory: 1999  loss: 0.7871
2023/02/04 08:24:32 - mmengine - INFO - Epoch(train)  [19][150/196]  lr: 1.0000e-01  eta: 0:53:22  time: 0.1949  data_time: 0.0011  memory: 1999  loss: 0.7740
2023/02/04 08:24:41 - mmengine - INFO - Exp name: resnet18_cifar10_20230204_081138
2023/02/04 08:24:51 - mmengine - INFO - Epoch(train)  [20][ 50/196]  lr: 1.0000e-01  eta: 0:53:02  time: 0.2025  data_time: 0.0027  memory: 1999  loss: 0.7462
2023/02/04 08:25:01 - mmengine - INFO - Epoch(train)  [20][100/196]  lr: 1.0000e-01  eta: 0:52:52  time: 0.2019  data_time: 0.0040  memory: 1999  loss: 0.7345
2023/02/04 08:25:11 - mmengine - INFO - Epoch(train)  [20][150/196]  lr: 1.0000e-01  eta: 0:52:41  time: 0.2045  data_time: 0.0034  memory: 1999  loss: 0.7670
2023/02/04 08:25:20 - mmengine - INFO - Exp name: resnet18_cifar10_20230204_081138
2023/02/04 08:25:20 - mmengine - INFO - Saving checkpoint at 20 epochs
2023/02/04 08:25:25 - mmengine - INFO - Epoch(val) [20][40/40]  accuracy/top1: 84.8300
2023/02/04 08:25:35 - mmengine - INFO - Epoch(train)  [21][ 50/196]  lr: 1.0000e-01  eta: 0:52:20  time: 0.1980  data_time: 0.0011  memory: 1999  loss: 0.7435
2023/02/04 08:25:41 - mmengine - INFO - Exp name: resnet18_cifar10_20230204_081138
2023/02/04 08:25:45 - mmengine - INFO - Epoch(train)  [21][100/196]  lr: 1.0000e-01  eta: 0:52:10  time: 0.2065  data_time: 0.0020  memory: 1999  loss: 0.7556
2023/02/04 08:25:55 - mmengine - INFO - Epoch(train)  [21][150/196]  lr: 1.0000e-01  eta: 0:52:00  time: 0.2212  data_time: 0.0057  memory: 1999  loss: 0.7391
2023/02/04 08:26:04 - mmengine - INFO - Exp name: resnet18_cifar10_20230204_081138
2023/02/04 08:26:14 - mmengine - INFO - Epoch(train)  [22][ 50/196]  lr: 1.0000e-01  eta: 0:51:39  time: 0.1953  data_time: 0.0011  memory: 1999  loss: 0.7375
2023/02/04 08:26:24 - mmengine - INFO - Epoch(train)  [22][100/196]  lr: 1.0000e-01  eta: 0:51:29  time: 0.1991  data_time: 0.0019  memory: 1999  loss: 0.7435
2023/02/04 08:26:34 - mmengine - INFO - Epoch(train)  [22][150/196]  lr: 1.0000e-01  eta: 0:51:19  time: 0.2005  data_time: 0.0033  memory: 1999  loss: 0.7186
2023/02/04 08:26:43 - mmengine - INFO - Exp name: resnet18_cifar10_20230204_081138
2023/02/04 08:26:53 - mmengine - INFO - Epoch(train)  [23][ 50/196]  lr: 1.0000e-01  eta: 0:50:58  time: 0.1953  data_time: 0.0016  memory: 1999  loss: 0.7390
2023/02/04 08:27:03 - mmengine - INFO - Epoch(train)  [23][100/196]  lr: 1.0000e-01  eta: 0:50:48  time: 0.1951  data_time: 0.0011  memory: 1999  loss: 0.7128
2023/02/04 08:27:12 - mmengine - INFO - Epoch(train)  [23][150/196]  lr: 1.0000e-01  eta: 0:50:37  time: 0.2005  data_time: 0.0032  memory: 1999  loss: 0.7246
2023/02/04 08:27:21 - mmengine - INFO - Exp name: resnet18_cifar10_20230204_081138
2023/02/04 08:27:32 - mmengine - INFO - Epoch(train)  [24][ 50/196]  lr: 1.0000e-01  eta: 0:50:18  time: 0.2152  data_time: 0.0019  memory: 1999  loss: 0.7179
2023/02/04 08:27:42 - mmengine - INFO - Epoch(train)  [24][100/196]  lr: 1.0000e-01  eta: 0:50:07  time: 0.1948  data_time: 0.0011  memory: 1999  loss: 0.7180
2023/02/04 08:27:51 - mmengine - INFO - Epoch(train)  [24][150/196]  lr: 1.0000e-01  eta: 0:49:57  time: 0.1955  data_time: 0.0012  memory: 1999  loss: 0.7361
2023/02/04 08:28:00 - mmengine - INFO - Exp name: resnet18_cifar10_20230204_081138
2023/02/04 08:28:11 - mmengine - INFO - Epoch(train)  [25][ 50/196]  lr: 1.0000e-01  eta: 0:49:38  time: 0.1968  data_time: 0.0014  memory: 1999  loss: 0.7077
2023/02/04 08:28:21 - mmengine - INFO - Epoch(train)  [25][100/196]  lr: 1.0000e-01  eta: 0:49:27  time: 0.1991  data_time: 0.0014  memory: 1999  loss: 0.6723
2023/02/04 08:28:30 - mmengine - INFO - Epoch(train)  [25][150/196]  lr: 1.0000e-01  eta: 0:49:17  time: 0.1953  data_time: 0.0011  memory: 1999  loss: 0.7108
2023/02/04 08:28:39 - mmengine - INFO - Exp name: resnet18_cifar10_20230204_081138
2023/02/04 08:28:43 - mmengine - INFO - Epoch(val) [25][40/40]  accuracy/top1: 86.8200
2023/02/04 08:28:53 - mmengine - INFO - Epoch(train)  [26][ 50/196]  lr: 1.0000e-01  eta: 0:48:57  time: 0.1993  data_time: 0.0016  memory: 1999  loss: 0.6835
2023/02/04 08:29:03 - mmengine - INFO - Exp name: resnet18_cifar10_20230204_081138
2023/02/04 08:29:03 - mmengine - INFO - Epoch(train)  [26][100/196]  lr: 1.0000e-01  eta: 0:48:46  time: 0.1981  data_time: 0.0027  memory: 1999  loss: 0.7025
2023/02/04 08:29:13 - mmengine - INFO - Epoch(train)  [26][150/196]  lr: 1.0000e-01  eta: 0:48:36  time: 0.1974  data_time: 0.0029  memory: 1999  loss: 0.6988
2023/02/04 08:29:21 - mmengine - INFO - Exp name: resnet18_cifar10_20230204_081138
2023/02/04 08:29:32 - mmengine - INFO - Epoch(train)  [27][ 50/196]  lr: 1.0000e-01  eta: 0:48:16  time: 0.1967  data_time: 0.0023  memory: 1999  loss: 0.6829
2023/02/04 08:29:41 - mmengine - INFO - Epoch(train)  [27][100/196]  lr: 1.0000e-01  eta: 0:48:06  time: 0.1970  data_time: 0.0014  memory: 1999  loss: 0.6924
2023/02/04 08:29:51 - mmengine - INFO - Epoch(train)  [27][150/196]  lr: 1.0000e-01  eta: 0:47:56  time: 0.1966  data_time: 0.0013  memory: 1999  loss: 0.6962
2023/02/04 08:30:00 - mmengine - INFO - Exp name: resnet18_cifar10_20230204_081138
2023/02/04 08:30:11 - mmengine - INFO - Epoch(train)  [28][ 50/196]  lr: 1.0000e-01  eta: 0:47:36  time: 0.2080  data_time: 0.0044  memory: 1999  loss: 0.6908
2023/02/04 08:30:20 - mmengine - INFO - Epoch(train)  [28][100/196]  lr: 1.0000e-01  eta: 0:47:26  time: 0.1959  data_time: 0.0014  memory: 1999  loss: 0.6771
2023/02/04 08:30:30 - mmengine - INFO - Epoch(train)  [28][150/196]  lr: 1.0000e-01  eta: 0:47:15  time: 0.1980  data_time: 0.0025  memory: 1999  loss: 0.7088
2023/02/04 08:30:39 - mmengine - INFO - Exp name: resnet18_cifar10_20230204_081138
2023/02/04 08:30:49 - mmengine - INFO - Epoch(train)  [29][ 50/196]  lr: 1.0000e-01  eta: 0:46:56  time: 0.1974  data_time: 0.0013  memory: 1999  loss: 0.6551
2023/02/04 08:30:59 - mmengine - INFO - Epoch(train)  [29][100/196]  lr: 1.0000e-01  eta: 0:46:46  time: 0.1956  data_time: 0.0012  memory: 1999  loss: 0.6694
2023/02/04 08:31:09 - mmengine - INFO - Epoch(train)  [29][150/196]  lr: 1.0000e-01  eta: 0:46:35  time: 0.1956  data_time: 0.0011  memory: 1999  loss: 0.6679
2023/02/04 08:31:18 - mmengine - INFO - Exp name: resnet18_cifar10_20230204_081138
2023/02/04 08:31:29 - mmengine - INFO - Epoch(train)  [30][ 50/196]  lr: 1.0000e-01  eta: 0:46:17  time: 0.1992  data_time: 0.0018  memory: 1999  loss: 0.6619
2023/02/04 08:31:38 - mmengine - INFO - Epoch(train)  [30][100/196]  lr: 1.0000e-01  eta: 0:46:06  time: 0.1977  data_time: 0.0013  memory: 1999  loss: 0.6840
2023/02/04 08:31:49 - mmengine - INFO - Epoch(train)  [30][150/196]  lr: 1.0000e-01  eta: 0:45:57  time: 0.1962  data_time: 0.0012  memory: 1999  loss: 0.6660
2023/02/04 08:31:58 - mmengine - INFO - Exp name: resnet18_cifar10_20230204_081138
2023/02/04 08:32:01 - mmengine - INFO - Epoch(val) [30][40/40]  accuracy/top1: 88.0900
2023/02/04 08:32:11 - mmengine - INFO - Epoch(train)  [31][ 50/196]  lr: 1.0000e-01  eta: 0:45:37  time: 0.1957  data_time: 0.0013  memory: 1999  loss: 0.6606
2023/02/04 08:32:21 - mmengine - INFO - Epoch(train)  [31][100/196]  lr: 1.0000e-01  eta: 0:45:27  time: 0.2026  data_time: 0.0020  memory: 1999  loss: 0.6637
2023/02/04 08:32:25 - mmengine - INFO - Exp name: resnet18_cifar10_20230204_081138
2023/02/04 08:32:31 - mmengine - INFO - Epoch(train)  [31][150/196]  lr: 1.0000e-01  eta: 0:45:17  time: 0.2013  data_time: 0.0038  memory: 1999  loss: 0.6712
2023/02/04 08:32:40 - mmengine - INFO - Exp name: resnet18_cifar10_20230204_081138
2023/02/04 08:32:50 - mmengine - INFO - Epoch(train)  [32][ 50/196]  lr: 1.0000e-01  eta: 0:44:57  time: 0.1995  data_time: 0.0025  memory: 1999  loss: 0.6607
2023/02/04 08:33:00 - mmengine - INFO - Epoch(train)  [32][100/196]  lr: 1.0000e-01  eta: 0:44:47  time: 0.1953  data_time: 0.0013  memory: 1999  loss: 0.6725
2023/02/04 08:33:10 - mmengine - INFO - Epoch(train)  [32][150/196]  lr: 1.0000e-01  eta: 0:44:37  time: 0.1972  data_time: 0.0013  memory: 1999  loss: 0.6834
2023/02/04 08:33:19 - mmengine - INFO - Exp name: resnet18_cifar10_20230204_081138
2023/02/04 08:33:29 - mmengine - INFO - Epoch(train)  [33][ 50/196]  lr: 1.0000e-01  eta: 0:44:18  time: 0.1976  data_time: 0.0013  memory: 1999  loss: 0.6393
2023/02/04 08:33:39 - mmengine - INFO - Epoch(train)  [33][100/196]  lr: 1.0000e-01  eta: 0:44:07  time: 0.1955  data_time: 0.0013  memory: 1999  loss: 0.6429
2023/02/04 08:33:49 - mmengine - INFO - Epoch(train)  [33][150/196]  lr: 1.0000e-01  eta: 0:43:57  time: 0.1987  data_time: 0.0029  memory: 1999  loss: 0.6793
2023/02/04 08:33:58 - mmengine - INFO - Exp name: resnet18_cifar10_20230204_081138
2023/02/04 08:34:08 - mmengine - INFO - Epoch(train)  [34][ 50/196]  lr: 1.0000e-01  eta: 0:43:38  time: 0.1972  data_time: 0.0014  memory: 1999  loss: 0.6715
2023/02/04 08:34:18 - mmengine - INFO - Epoch(train)  [34][100/196]  lr: 1.0000e-01  eta: 0:43:28  time: 0.1975  data_time: 0.0013  memory: 1999  loss: 0.6627
2023/02/04 08:34:28 - mmengine - INFO - Epoch(train)  [34][150/196]  lr: 1.0000e-01  eta: 0:43:18  time: 0.1974  data_time: 0.0021  memory: 1999  loss: 0.6441
2023/02/04 08:34:37 - mmengine - INFO - Exp name: resnet18_cifar10_20230204_081138
2023/02/04 08:34:47 - mmengine - INFO - Epoch(train)  [35][ 50/196]  lr: 1.0000e-01  eta: 0:42:59  time: 0.1957  data_time: 0.0014  memory: 1999  loss: 0.6245
2023/02/04 08:34:57 - mmengine - INFO - Epoch(train)  [35][100/196]  lr: 1.0000e-01  eta: 0:42:48  time: 0.1996  data_time: 0.0015  memory: 1999  loss: 0.6420
2023/02/04 08:35:07 - mmengine - INFO - Epoch(train)  [35][150/196]  lr: 1.0000e-01  eta: 0:42:38  time: 0.1978  data_time: 0.0012  memory: 1999  loss: 0.6408
2023/02/04 08:35:16 - mmengine - INFO - Exp name: resnet18_cifar10_20230204_081138
2023/02/04 08:35:19 - mmengine - INFO - Epoch(val) [35][40/40]  accuracy/top1: 88.4100
2023/02/04 08:35:29 - mmengine - INFO - Epoch(train)  [36][ 50/196]  lr: 1.0000e-01  eta: 0:42:19  time: 0.1988  data_time: 0.0026  memory: 1999  loss: 0.6367
2023/02/04 08:35:39 - mmengine - INFO - Epoch(train)  [36][100/196]  lr: 1.0000e-01  eta: 0:42:09  time: 0.1969  data_time: 0.0019  memory: 1999  loss: 0.6337
2023/02/04 08:35:47 - mmengine - INFO - Exp name: resnet18_cifar10_20230204_081138
2023/02/04 08:35:49 - mmengine - INFO - Epoch(train)  [36][150/196]  lr: 1.0000e-01  eta: 0:41:59  time: 0.2071  data_time: 0.0022  memory: 1999  loss: 0.6222
2023/02/04 08:35:58 - mmengine - INFO - Exp name: resnet18_cifar10_20230204_081138
2023/02/04 08:36:08 - mmengine - INFO - Epoch(train)  [37][ 50/196]  lr: 1.0000e-01  eta: 0:41:40  time: 0.1978  data_time: 0.0015  memory: 1999  loss: 0.6368
2023/02/04 08:36:18 - mmengine - INFO - Epoch(train)  [37][100/196]  lr: 1.0000e-01  eta: 0:41:29  time: 0.1952  data_time: 0.0011  memory: 1999  loss: 0.6362
2023/02/04 08:36:28 - mmengine - INFO - Epoch(train)  [37][150/196]  lr: 1.0000e-01  eta: 0:41:19  time: 0.1950  data_time: 0.0011  memory: 1999  loss: 0.6369
2023/02/04 08:36:37 - mmengine - INFO - Exp name: resnet18_cifar10_20230204_081138
2023/02/04 08:36:47 - mmengine - INFO - Epoch(train)  [38][ 50/196]  lr: 1.0000e-01  eta: 0:40:59  time: 0.1954  data_time: 0.0013  memory: 1999  loss: 0.6150
2023/02/04 08:36:57 - mmengine - INFO - Epoch(train)  [38][100/196]  lr: 1.0000e-01  eta: 0:40:49  time: 0.1980  data_time: 0.0014  memory: 1999  loss: 0.6297
2023/02/04 08:37:07 - mmengine - INFO - Epoch(train)  [38][150/196]  lr: 1.0000e-01  eta: 0:40:39  time: 0.2153  data_time: 0.0052  memory: 1999  loss: 0.6201
2023/02/04 08:37:16 - mmengine - INFO - Exp name: resnet18_cifar10_20230204_081138
2023/02/04 08:37:26 - mmengine - INFO - Epoch(train)  [39][ 50/196]  lr: 1.0000e-01  eta: 0:40:20  time: 0.1954  data_time: 0.0014  memory: 1999  loss: 0.6196
2023/02/04 08:37:36 - mmengine - INFO - Epoch(train)  [39][100/196]  lr: 1.0000e-01  eta: 0:40:10  time: 0.1959  data_time: 0.0013  memory: 1999  loss: 0.6325
2023/02/04 08:37:46 - mmengine - INFO - Epoch(train)  [39][150/196]  lr: 1.0000e-01  eta: 0:40:00  time: 0.1977  data_time: 0.0014  memory: 1999  loss: 0.6303
2023/02/04 08:37:55 - mmengine - INFO - Exp name: resnet18_cifar10_20230204_081138
2023/02/04 08:38:05 - mmengine - INFO - Epoch(train)  [40][ 50/196]  lr: 1.0000e-01  eta: 0:39:40  time: 0.1971  data_time: 0.0015  memory: 1999  loss: 0.6344
2023/02/04 08:38:15 - mmengine - INFO - Epoch(train)  [40][100/196]  lr: 1.0000e-01  eta: 0:39:30  time: 0.1954  data_time: 0.0013  memory: 1999  loss: 0.6223
2023/02/04 08:38:25 - mmengine - INFO - Epoch(train)  [40][150/196]  lr: 1.0000e-01  eta: 0:39:20  time: 0.1954  data_time: 0.0012  memory: 1999  loss: 0.6197
2023/02/04 08:38:34 - mmengine - INFO - Exp name: resnet18_cifar10_20230204_081138
2023/02/04 08:38:34 - mmengine - INFO - Saving checkpoint at 40 epochs
2023/02/04 08:38:38 - mmengine - INFO - Epoch(val) [40][40/40]  accuracy/top1: 88.5300
2023/02/04 08:38:48 - mmengine - INFO - Epoch(train)  [41][ 50/196]  lr: 1.0000e-01  eta: 0:39:01  time: 0.1974  data_time: 0.0018  memory: 1999  loss: 0.6138
2023/02/04 08:38:58 - mmengine - INFO - Epoch(train)  [41][100/196]  lr: 1.0000e-01  eta: 0:38:51  time: 0.1958  data_time: 0.0014  memory: 1999  loss: 0.6243
2023/02/04 08:39:08 - mmengine - INFO - Epoch(train)  [41][150/196]  lr: 1.0000e-01  eta: 0:38:41  time: 0.1986  data_time: 0.0022  memory: 1999  loss: 0.6207
2023/02/04 08:39:10 - mmengine - INFO - Exp name: resnet18_cifar10_20230204_081138
2023/02/04 08:39:17 - mmengine - INFO - Exp name: resnet18_cifar10_20230204_081138
2023/02/04 08:39:27 - mmengine - INFO - Epoch(train)  [42][ 50/196]  lr: 1.0000e-01  eta: 0:38:21  time: 0.1952  data_time: 0.0012  memory: 1999  loss: 0.6129
2023/02/04 08:39:37 - mmengine - INFO - Epoch(train)  [42][100/196]  lr: 1.0000e-01  eta: 0:38:11  time: 0.1978  data_time: 0.0014  memory: 1999  loss: 0.6014
2023/02/04 08:39:47 - mmengine - INFO - Epoch(train)  [42][150/196]  lr: 1.0000e-01  eta: 0:38:01  time: 0.2090  data_time: 0.0044  memory: 1999  loss: 0.5961
2023/02/04 08:39:56 - mmengine - INFO - Exp name: resnet18_cifar10_20230204_081138
2023/02/04 08:40:06 - mmengine - INFO - Epoch(train)  [43][ 50/196]  lr: 1.0000e-01  eta: 0:37:42  time: 0.1972  data_time: 0.0016  memory: 1999  loss: 0.6127
2023/02/04 08:40:16 - mmengine - INFO - Epoch(train)  [43][100/196]  lr: 1.0000e-01  eta: 0:37:32  time: 0.1952  data_time: 0.0012  memory: 1999  loss: 0.5995
2023/02/04 08:40:26 - mmengine - INFO - Epoch(train)  [43][150/196]  lr: 1.0000e-01  eta: 0:37:22  time: 0.1974  data_time: 0.0014  memory: 1999  loss: 0.6143
2023/02/04 08:40:35 - mmengine - INFO - Exp name: resnet18_cifar10_20230204_081138
2023/02/04 08:40:45 - mmengine - INFO - Epoch(train)  [44][ 50/196]  lr: 1.0000e-01  eta: 0:37:02  time: 0.1975  data_time: 0.0014  memory: 1999  loss: 0.5860
2023/02/04 08:40:55 - mmengine - INFO - Epoch(train)  [44][100/196]  lr: 1.0000e-01  eta: 0:36:52  time: 0.1959  data_time: 0.0014  memory: 1999  loss: 0.5994
2023/02/04 08:41:05 - mmengine - INFO - Epoch(train)  [44][150/196]  lr: 1.0000e-01  eta: 0:36:42  time: 0.1958  data_time: 0.0012  memory: 1999  loss: 0.6249
2023/02/04 08:41:14 - mmengine - INFO - Exp name: resnet18_cifar10_20230204_081138
2023/02/04 08:41:24 - mmengine - INFO - Epoch(train)  [45][ 50/196]  lr: 1.0000e-01  eta: 0:36:23  time: 0.2024  data_time: 0.0037  memory: 1999  loss: 0.5989
2023/02/04 08:41:34 - mmengine - INFO - Epoch(train)  [45][100/196]  lr: 1.0000e-01  eta: 0:36:13  time: 0.1987  data_time: 0.0014  memory: 1999  loss: 0.6053
2023/02/04 08:41:44 - mmengine - INFO - Epoch(train)  [45][150/196]  lr: 1.0000e-01  eta: 0:36:03  time: 0.1951  data_time: 0.0012  memory: 1999  loss: 0.6030
2023/02/04 08:41:53 - mmengine - INFO - Exp name: resnet18_cifar10_20230204_081138
2023/02/04 08:41:56 - mmengine - INFO - Epoch(val) [45][40/40]  accuracy/top1: 89.3500
2023/02/04 08:42:06 - mmengine - INFO - Epoch(train)  [46][ 50/196]  lr: 1.0000e-01  eta: 0:35:43  time: 0.1983  data_time: 0.0019  memory: 1999  loss: 0.5877
2023/02/04 08:42:16 - mmengine - INFO - Epoch(train)  [46][100/196]  lr: 1.0000e-01  eta: 0:35:33  time: 0.1976  data_time: 0.0012  memory: 1999  loss: 0.5866
2023/02/04 08:42:26 - mmengine - INFO - Epoch(train)  [46][150/196]  lr: 1.0000e-01  eta: 0:35:23  time: 0.2054  data_time: 0.0035  memory: 1999  loss: 0.6006
2023/02/04 08:42:32 - mmengine - INFO - Exp name: resnet18_cifar10_20230204_081138
2023/02/04 08:42:35 - mmengine - INFO - Exp name: resnet18_cifar10_20230204_081138
2023/02/04 08:42:45 - mmengine - INFO - Epoch(train)  [47][ 50/196]  lr: 1.0000e-01  eta: 0:35:04  time: 0.1959  data_time: 0.0013  memory: 1999  loss: 0.5962
2023/02/04 08:42:55 - mmengine - INFO - Epoch(train)  [47][100/196]  lr: 1.0000e-01  eta: 0:34:54  time: 0.1981  data_time: 0.0014  memory: 1999  loss: 0.5964
2023/02/04 08:43:05 - mmengine - INFO - Epoch(train)  [47][150/196]  lr: 1.0000e-01  eta: 0:34:44  time: 0.2006  data_time: 0.0041  memory: 1999  loss: 0.5951
2023/02/04 08:43:14 - mmengine - INFO - Exp name: resnet18_cifar10_20230204_081138
2023/02/04 08:43:24 - mmengine - INFO - Epoch(train)  [48][ 50/196]  lr: 1.0000e-01  eta: 0:34:25  time: 0.1954  data_time: 0.0014  memory: 1999  loss: 0.5989
2023/02/04 08:43:34 - mmengine - INFO - Epoch(train)  [48][100/196]  lr: 1.0000e-01  eta: 0:34:15  time: 0.1956  data_time: 0.0014  memory: 1999  loss: 0.5934
2023/02/04 08:43:44 - mmengine - INFO - Epoch(train)  [48][150/196]  lr: 1.0000e-01  eta: 0:34:05  time: 0.1986  data_time: 0.0013  memory: 1999  loss: 0.5868
2023/02/04 08:43:53 - mmengine - INFO - Exp name: resnet18_cifar10_20230204_081138
2023/02/04 08:44:03 - mmengine - INFO - Epoch(train)  [49][ 50/196]  lr: 1.0000e-01  eta: 0:33:46  time: 0.2071  data_time: 0.0042  memory: 1999  loss: 0.6071
2023/02/04 08:44:13 - mmengine - INFO - Epoch(train)  [49][100/196]  lr: 1.0000e-01  eta: 0:33:35  time: 0.1950  data_time: 0.0014  memory: 1999  loss: 0.5962
2023/02/04 08:44:23 - mmengine - INFO - Epoch(train)  [49][150/196]  lr: 1.0000e-01  eta: 0:33:25  time: 0.1969  data_time: 0.0025  memory: 1999  loss: 0.6004
2023/02/04 08:44:32 - mmengine - INFO - Exp name: resnet18_cifar10_20230204_081138
2023/02/04 08:44:42 - mmengine - INFO - Epoch(train)  [50][ 50/196]  lr: 1.0000e-01  eta: 0:33:06  time: 0.1957  data_time: 0.0016  memory: 1999  loss: 0.5924
2023/02/04 08:44:52 - mmengine - INFO - Epoch(train)  [50][100/196]  lr: 1.0000e-01  eta: 0:32:56  time: 0.1980  data_time: 0.0017  memory: 1999  loss: 0.5839
2023/02/04 08:45:02 - mmengine - INFO - Epoch(train)  [50][150/196]  lr: 1.0000e-01  eta: 0:32:46  time: 0.1971  data_time: 0.0014  memory: 1999  loss: 0.5967
2023/02/04 08:45:11 - mmengine - INFO - Exp name: resnet18_cifar10_20230204_081138
2023/02/04 08:45:14 - mmengine - INFO - Epoch(val) [50][40/40]  accuracy/top1: 90.0700
2023/02/04 08:45:24 - mmengine - INFO - Epoch(train)  [51][ 50/196]  lr: 1.0000e-02  eta: 0:32:27  time: 0.1951  data_time: 0.0013  memory: 1999  loss: 0.5616
2023/02/04 08:45:34 - mmengine - INFO - Epoch(train)  [51][100/196]  lr: 1.0000e-02  eta: 0:32:17  time: 0.1999  data_time: 0.0018  memory: 1999  loss: 0.5548
2023/02/04 08:45:44 - mmengine - INFO - Epoch(train)  [51][150/196]  lr: 1.0000e-02  eta: 0:32:07  time: 0.2041  data_time: 0.0026  memory: 1999  loss: 0.5388
2023/02/04 08:45:53 - mmengine - INFO - Exp name: resnet18_cifar10_20230204_081138
2023/02/04 08:45:54 - mmengine - INFO - Exp name: resnet18_cifar10_20230204_081138
2023/02/04 08:46:03 - mmengine - INFO - Epoch(train)  [52][ 50/196]  lr: 1.0000e-02  eta: 0:31:47  time: 0.1954  data_time: 0.0015  memory: 1999  loss: 0.5296
2023/02/04 08:46:13 - mmengine - INFO - Epoch(train)  [52][100/196]  lr: 1.0000e-02  eta: 0:31:37  time: 0.1953  data_time: 0.0013  memory: 1999  loss: 0.5346
2023/02/04 08:46:23 - mmengine - INFO - Epoch(train)  [52][150/196]  lr: 1.0000e-02  eta: 0:31:27  time: 0.1979  data_time: 0.0015  memory: 1999  loss: 0.5460
2023/02/04 08:46:32 - mmengine - INFO - Exp name: resnet18_cifar10_20230204_081138
2023/02/04 08:46:42 - mmengine - INFO - Epoch(train)  [53][ 50/196]  lr: 1.0000e-02  eta: 0:31:08  time: 0.2194  data_time: 0.0039  memory: 1999  loss: 0.5301
2023/02/04 08:46:52 - mmengine - INFO - Epoch(train)  [53][100/196]  lr: 1.0000e-02  eta: 0:30:58  time: 0.1951  data_time: 0.0012  memory: 1999  loss: 0.5302
2023/02/04 08:47:02 - mmengine - INFO - Epoch(train)  [53][150/196]  lr: 1.0000e-02  eta: 0:30:48  time: 0.1962  data_time: 0.0013  memory: 1999  loss: 0.5406
2023/02/04 08:47:11 - mmengine - INFO - Exp name: resnet18_cifar10_20230204_081138
2023/02/04 08:47:21 - mmengine - INFO - Epoch(train)  [54][ 50/196]  lr: 1.0000e-02  eta: 0:30:29  time: 0.2071  data_time: 0.0026  memory: 1999  loss: 0.5309
2023/02/04 08:47:31 - mmengine - INFO - Epoch(train)  [54][100/196]  lr: 1.0000e-02  eta: 0:30:19  time: 0.1966  data_time: 0.0013  memory: 1999  loss: 0.5313
2023/02/04 08:47:41 - mmengine - INFO - Epoch(train)  [54][150/196]  lr: 1.0000e-02  eta: 0:30:09  time: 0.1955  data_time: 0.0012  memory: 1999  loss: 0.5281
2023/02/04 08:47:50 - mmengine - INFO - Exp name: resnet18_cifar10_20230204_081138
2023/02/04 08:48:00 - mmengine - INFO - Epoch(train)  [55][ 50/196]  lr: 1.0000e-02  eta: 0:29:50  time: 0.1959  data_time: 0.0014  memory: 1999  loss: 0.5267
2023/02/04 08:48:10 - mmengine - INFO - Epoch(train)  [55][100/196]  lr: 1.0000e-02  eta: 0:29:40  time: 0.1983  data_time: 0.0016  memory: 1999  loss: 0.5262
2023/02/04 08:48:20 - mmengine - INFO - Epoch(train)  [55][150/196]  lr: 1.0000e-02  eta: 0:29:30  time: 0.1979  data_time: 0.0013  memory: 1999  loss: 0.5336
2023/02/04 08:48:29 - mmengine - INFO - Exp name: resnet18_cifar10_20230204_081138
2023/02/04 08:48:32 - mmengine - INFO - Epoch(val) [55][40/40]  accuracy/top1: 92.3000
2023/02/04 08:48:42 - mmengine - INFO - Epoch(train)  [56][ 50/196]  lr: 1.0000e-02  eta: 0:29:10  time: 0.1958  data_time: 0.0015  memory: 1999  loss: 0.5245
2023/02/04 08:48:53 - mmengine - INFO - Epoch(train)  [56][100/196]  lr: 1.0000e-02  eta: 0:29:01  time: 0.1988  data_time: 0.0015  memory: 1999  loss: 0.5271
2023/02/04 08:49:03 - mmengine - INFO - Epoch(train)  [56][150/196]  lr: 1.0000e-02  eta: 0:28:51  time: 0.1956  data_time: 0.0015  memory: 1999  loss: 0.5337
2023/02/04 08:49:12 - mmengine - INFO - Exp name: resnet18_cifar10_20230204_081138
2023/02/04 08:49:16 - mmengine - INFO - Exp name: resnet18_cifar10_20230204_081138
2023/02/04 08:49:22 - mmengine - INFO - Epoch(train)  [57][ 50/196]  lr: 1.0000e-02  eta: 0:28:31  time: 0.2000  data_time: 0.0030  memory: 1999  loss: 0.5279
2023/02/04 08:49:32 - mmengine - INFO - Epoch(train)  [57][100/196]  lr: 1.0000e-02  eta: 0:28:21  time: 0.1956  data_time: 0.0017  memory: 1999  loss: 0.5289
2023/02/04 08:49:41 - mmengine - INFO - Epoch(train)  [57][150/196]  lr: 1.0000e-02  eta: 0:28:11  time: 0.1986  data_time: 0.0016  memory: 1999  loss: 0.5265
2023/02/04 08:49:50 - mmengine - INFO - Exp name: resnet18_cifar10_20230204_081138
2023/02/04 08:50:01 - mmengine - INFO - Epoch(train)  [58][ 50/196]  lr: 1.0000e-02  eta: 0:27:52  time: 0.1959  data_time: 0.0016  memory: 1999  loss: 0.5172
2023/02/04 08:50:11 - mmengine - INFO - Epoch(train)  [58][100/196]  lr: 1.0000e-02  eta: 0:27:42  time: 0.1952  data_time: 0.0013  memory: 1999  loss: 0.5216
2023/02/04 08:50:21 - mmengine - INFO - Epoch(train)  [58][150/196]  lr: 1.0000e-02  eta: 0:27:32  time: 0.1969  data_time: 0.0013  memory: 1999  loss: 0.5215
2023/02/04 08:50:30 - mmengine - INFO - Exp name: resnet18_cifar10_20230204_081138
2023/02/04 08:50:40 - mmengine - INFO - Epoch(train)  [59][ 50/196]  lr: 1.0000e-02  eta: 0:27:13  time: 0.2029  data_time: 0.0032  memory: 1999  loss: 0.5207
2023/02/04 08:50:50 - mmengine - INFO - Epoch(train)  [59][100/196]  lr: 1.0000e-02  eta: 0:27:03  time: 0.1958  data_time: 0.0014  memory: 1999  loss: 0.5269
2023/02/04 08:51:00 - mmengine - INFO - Epoch(train)  [59][150/196]  lr: 1.0000e-02  eta: 0:26:53  time: 0.2031  data_time: 0.0012  memory: 1999  loss: 0.5266
2023/02/04 08:51:09 - mmengine - INFO - Exp name: resnet18_cifar10_20230204_081138
2023/02/04 08:51:19 - mmengine - INFO - Epoch(train)  [60][ 50/196]  lr: 1.0000e-02  eta: 0:26:34  time: 0.1979  data_time: 0.0029  memory: 1999  loss: 0.5190
2023/02/04 08:51:29 - mmengine - INFO - Epoch(train)  [60][100/196]  lr: 1.0000e-02  eta: 0:26:24  time: 0.1966  data_time: 0.0014  memory: 1999  loss: 0.5229
2023/02/04 08:51:39 - mmengine - INFO - Epoch(train)  [60][150/196]  lr: 1.0000e-02  eta: 0:26:14  time: 0.1957  data_time: 0.0012  memory: 1999  loss: 0.5239
2023/02/04 08:51:48 - mmengine - INFO - Exp name: resnet18_cifar10_20230204_081138
2023/02/04 08:51:48 - mmengine - INFO - Saving checkpoint at 60 epochs
2023/02/04 08:51:51 - mmengine - INFO - Epoch(val) [60][40/40]  accuracy/top1: 92.2600
2023/02/04 08:52:01 - mmengine - INFO - Epoch(train)  [61][ 50/196]  lr: 1.0000e-02  eta: 0:25:54  time: 0.1980  data_time: 0.0014  memory: 1999  loss: 0.5181
2023/02/04 08:52:11 - mmengine - INFO - Epoch(train)  [61][100/196]  lr: 1.0000e-02  eta: 0:25:44  time: 0.1969  data_time: 0.0014  memory: 1999  loss: 0.5219
2023/02/04 08:52:21 - mmengine - INFO - Epoch(train)  [61][150/196]  lr: 1.0000e-02  eta: 0:25:34  time: 0.1951  data_time: 0.0012  memory: 1999  loss: 0.5256
2023/02/04 08:52:30 - mmengine - INFO - Exp name: resnet18_cifar10_20230204_081138
2023/02/04 08:52:39 - mmengine - INFO - Exp name: resnet18_cifar10_20230204_081138
2023/02/04 08:52:40 - mmengine - INFO - Epoch(train)  [62][ 50/196]  lr: 1.0000e-02  eta: 0:25:15  time: 0.2009  data_time: 0.0029  memory: 1999  loss: 0.5180
2023/02/04 08:52:50 - mmengine - INFO - Epoch(train)  [62][100/196]  lr: 1.0000e-02  eta: 0:25:05  time: 0.1992  data_time: 0.0018  memory: 1999  loss: 0.5232
2023/02/04 08:53:00 - mmengine - INFO - Epoch(train)  [62][150/196]  lr: 1.0000e-02  eta: 0:24:55  time: 0.1992  data_time: 0.0015  memory: 1999  loss: 0.5181
2023/02/04 08:53:09 - mmengine - INFO - Exp name: resnet18_cifar10_20230204_081138
2023/02/04 08:53:19 - mmengine - INFO - Epoch(train)  [63][ 50/196]  lr: 1.0000e-02  eta: 0:24:36  time: 0.1965  data_time: 0.0013  memory: 1999  loss: 0.5179
2023/02/04 08:53:29 - mmengine - INFO - Epoch(train)  [63][100/196]  lr: 1.0000e-02  eta: 0:24:26  time: 0.1950  data_time: 0.0013  memory: 1999  loss: 0.5235
2023/02/04 08:53:39 - mmengine - INFO - Epoch(train)  [63][150/196]  lr: 1.0000e-02  eta: 0:24:16  time: 0.2116  data_time: 0.0043  memory: 1999  loss: 0.5226
2023/02/04 08:53:48 - mmengine - INFO - Exp name: resnet18_cifar10_20230204_081138
2023/02/04 08:53:58 - mmengine - INFO - Epoch(train)  [64][ 50/196]  lr: 1.0000e-02  eta: 0:23:57  time: 0.2006  data_time: 0.0023  memory: 1999  loss: 0.5186
2023/02/04 08:54:08 - mmengine - INFO - Epoch(train)  [64][100/196]  lr: 1.0000e-02  eta: 0:23:47  time: 0.1972  data_time: 0.0024  memory: 1999  loss: 0.5192
2023/02/04 08:54:18 - mmengine - INFO - Epoch(train)  [64][150/196]  lr: 1.0000e-02  eta: 0:23:37  time: 0.1952  data_time: 0.0015  memory: 1999  loss: 0.5216
2023/02/04 08:54:27 - mmengine - INFO - Exp name: resnet18_cifar10_20230204_081138
2023/02/04 08:54:37 - mmengine - INFO - Epoch(train)  [65][ 50/196]  lr: 1.0000e-02  eta: 0:23:17  time: 0.1991  data_time: 0.0014  memory: 1999  loss: 0.5175
2023/02/04 08:54:47 - mmengine - INFO - Epoch(train)  [65][100/196]  lr: 1.0000e-02  eta: 0:23:08  time: 0.1951  data_time: 0.0012  memory: 1999  loss: 0.5208
2023/02/04 08:54:57 - mmengine - INFO - Epoch(train)  [65][150/196]  lr: 1.0000e-02  eta: 0:22:58  time: 0.1956  data_time: 0.0013  memory: 1999  loss: 0.5148
2023/02/04 08:55:06 - mmengine - INFO - Exp name: resnet18_cifar10_20230204_081138
2023/02/04 08:55:09 - mmengine - INFO - Epoch(val) [65][40/40]  accuracy/top1: 92.2900
2023/02/04 08:55:20 - mmengine - INFO - Epoch(train)  [66][ 50/196]  lr: 1.0000e-02  eta: 0:22:39  time: 0.1973  data_time: 0.0015  memory: 1999  loss: 0.5162
2023/02/04 08:55:29 - mmengine - INFO - Epoch(train)  [66][100/196]  lr: 1.0000e-02  eta: 0:22:29  time: 0.1954  data_time: 0.0012  memory: 1999  loss: 0.5196
2023/02/04 08:55:39 - mmengine - INFO - Epoch(train)  [66][150/196]  lr: 1.0000e-02  eta: 0:22:19  time: 0.1965  data_time: 0.0016  memory: 1999  loss: 0.5221
2023/02/04 08:55:49 - mmengine - INFO - Exp name: resnet18_cifar10_20230204_081138
2023/02/04 08:55:59 - mmengine - INFO - Epoch(train)  [67][ 50/196]  lr: 1.0000e-02  eta: 0:21:59  time: 0.2012  data_time: 0.0041  memory: 1999  loss: 0.5191
2023/02/04 08:56:01 - mmengine - INFO - Exp name: resnet18_cifar10_20230204_081138
2023/02/04 08:56:08 - mmengine - INFO - Epoch(train)  [67][100/196]  lr: 1.0000e-02  eta: 0:21:49  time: 0.1985  data_time: 0.0014  memory: 1999  loss: 0.5142
2023/02/04 08:56:18 - mmengine - INFO - Epoch(train)  [67][150/196]  lr: 1.0000e-02  eta: 0:21:39  time: 0.2084  data_time: 0.0047  memory: 1999  loss: 0.5161
2023/02/04 08:56:27 - mmengine - INFO - Exp name: resnet18_cifar10_20230204_081138
2023/02/04 08:56:38 - mmengine - INFO - Epoch(train)  [68][ 50/196]  lr: 1.0000e-02  eta: 0:21:20  time: 0.1950  data_time: 0.0013  memory: 1999  loss: 0.5170
2023/02/04 08:56:47 - mmengine - INFO - Epoch(train)  [68][100/196]  lr: 1.0000e-02  eta: 0:21:10  time: 0.1955  data_time: 0.0014  memory: 1999  loss: 0.5190
2023/02/04 08:56:57 - mmengine - INFO - Epoch(train)  [68][150/196]  lr: 1.0000e-02  eta: 0:21:00  time: 0.1974  data_time: 0.0015  memory: 1999  loss: 0.5199
2023/02/04 08:57:06 - mmengine - INFO - Exp name: resnet18_cifar10_20230204_081138
2023/02/04 08:57:17 - mmengine - INFO - Epoch(train)  [69][ 50/196]  lr: 1.0000e-02  eta: 0:20:41  time: 0.1980  data_time: 0.0025  memory: 1999  loss: 0.5155
2023/02/04 08:57:26 - mmengine - INFO - Epoch(train)  [69][100/196]  lr: 1.0000e-02  eta: 0:20:31  time: 0.1983  data_time: 0.0022  memory: 1999  loss: 0.5132
2023/02/04 08:57:36 - mmengine - INFO - Epoch(train)  [69][150/196]  lr: 1.0000e-02  eta: 0:20:21  time: 0.1982  data_time: 0.0014  memory: 1999  loss: 0.5159
2023/02/04 08:57:45 - mmengine - INFO - Exp name: resnet18_cifar10_20230204_081138
2023/02/04 08:57:56 - mmengine - INFO - Epoch(train)  [70][ 50/196]  lr: 1.0000e-02  eta: 0:20:02  time: 0.2088  data_time: 0.0027  memory: 1999  loss: 0.5166
2023/02/04 08:58:06 - mmengine - INFO - Epoch(train)  [70][100/196]  lr: 1.0000e-02  eta: 0:19:52  time: 0.1973  data_time: 0.0014  memory: 1999  loss: 0.5135
2023/02/04 08:58:15 - mmengine - INFO - Epoch(train)  [70][150/196]  lr: 1.0000e-02  eta: 0:19:42  time: 0.1958  data_time: 0.0014  memory: 1999  loss: 0.5145
2023/02/04 08:58:24 - mmengine - INFO - Exp name: resnet18_cifar10_20230204_081138
2023/02/04 08:58:28 - mmengine - INFO - Epoch(val) [70][40/40]  accuracy/top1: 92.2300
2023/02/04 08:58:38 - mmengine - INFO - Epoch(train)  [71][ 50/196]  lr: 1.0000e-02  eta: 0:19:23  time: 0.1974  data_time: 0.0014  memory: 1999  loss: 0.5154
2023/02/04 08:58:48 - mmengine - INFO - Epoch(train)  [71][100/196]  lr: 1.0000e-02  eta: 0:19:13  time: 0.1973  data_time: 0.0015  memory: 1999  loss: 0.5148
2023/02/04 08:58:58 - mmengine - INFO - Epoch(train)  [71][150/196]  lr: 1.0000e-02  eta: 0:19:03  time: 0.1997  data_time: 0.0022  memory: 1999  loss: 0.5142
2023/02/04 08:59:07 - mmengine - INFO - Exp name: resnet18_cifar10_20230204_081138
2023/02/04 08:59:17 - mmengine - INFO - Epoch(train)  [72][ 50/196]  lr: 1.0000e-02  eta: 0:18:44  time: 0.1978  data_time: 0.0029  memory: 1999  loss: 0.5146
2023/02/04 08:59:24 - mmengine - INFO - Exp name: resnet18_cifar10_20230204_081138
2023/02/04 08:59:27 - mmengine - INFO - Epoch(train)  [72][100/196]  lr: 1.0000e-02  eta: 0:18:34  time: 0.2071  data_time: 0.0014  memory: 1999  loss: 0.5234
2023/02/04 08:59:37 - mmengine - INFO - Epoch(train)  [72][150/196]  lr: 1.0000e-02  eta: 0:18:24  time: 0.1982  data_time: 0.0019  memory: 1999  loss: 0.5141
2023/02/04 08:59:46 - mmengine - INFO - Exp name: resnet18_cifar10_20230204_081138
2023/02/04 08:59:56 - mmengine - INFO - Epoch(train)  [73][ 50/196]  lr: 1.0000e-02  eta: 0:18:04  time: 0.1983  data_time: 0.0015  memory: 1999  loss: 0.5164
2023/02/04 09:00:06 - mmengine - INFO - Epoch(train)  [73][100/196]  lr: 1.0000e-02  eta: 0:17:54  time: 0.1959  data_time: 0.0013  memory: 1999  loss: 0.5135
2023/02/04 09:00:16 - mmengine - INFO - Epoch(train)  [73][150/196]  lr: 1.0000e-02  eta: 0:17:44  time: 0.1966  data_time: 0.0022  memory: 1999  loss: 0.5131
2023/02/04 09:00:25 - mmengine - INFO - Exp name: resnet18_cifar10_20230204_081138
2023/02/04 09:00:35 - mmengine - INFO - Epoch(train)  [74][ 50/196]  lr: 1.0000e-02  eta: 0:17:25  time: 0.2151  data_time: 0.0045  memory: 1999  loss: 0.5111
2023/02/04 09:00:45 - mmengine - INFO - Epoch(train)  [74][100/196]  lr: 1.0000e-02  eta: 0:17:15  time: 0.2089  data_time: 0.0025  memory: 1999  loss: 0.5140
2023/02/04 09:00:55 - mmengine - INFO - Epoch(train)  [74][150/196]  lr: 1.0000e-02  eta: 0:17:05  time: 0.1973  data_time: 0.0014  memory: 1999  loss: 0.5171
2023/02/04 09:01:04 - mmengine - INFO - Exp name: resnet18_cifar10_20230204_081138
2023/02/04 09:01:14 - mmengine - INFO - Epoch(train)  [75][ 50/196]  lr: 1.0000e-02  eta: 0:16:46  time: 0.1964  data_time: 0.0019  memory: 1999  loss: 0.5113
2023/02/04 09:01:24 - mmengine - INFO - Epoch(train)  [75][100/196]  lr: 1.0000e-02  eta: 0:16:36  time: 0.1955  data_time: 0.0013  memory: 1999  loss: 0.5142
2023/02/04 09:01:34 - mmengine - INFO - Epoch(train)  [75][150/196]  lr: 1.0000e-02  eta: 0:16:26  time: 0.1978  data_time: 0.0012  memory: 1999  loss: 0.5117
2023/02/04 09:01:43 - mmengine - INFO - Exp name: resnet18_cifar10_20230204_081138
2023/02/04 09:01:46 - mmengine - INFO - Epoch(val) [75][40/40]  accuracy/top1: 92.2600
2023/02/04 09:01:57 - mmengine - INFO - Epoch(train)  [76][ 50/196]  lr: 1.0000e-03  eta: 0:16:07  time: 0.1960  data_time: 0.0015  memory: 1999  loss: 0.5119
2023/02/04 09:02:06 - mmengine - INFO - Epoch(train)  [76][100/196]  lr: 1.0000e-03  eta: 0:15:57  time: 0.1955  data_time: 0.0014  memory: 1999  loss: 0.5088
2023/02/04 09:02:16 - mmengine - INFO - Epoch(train)  [76][150/196]  lr: 1.0000e-03  eta: 0:15:47  time: 0.1992  data_time: 0.0014  memory: 1999  loss: 0.5112
2023/02/04 09:02:25 - mmengine - INFO - Exp name: resnet18_cifar10_20230204_081138
2023/02/04 09:02:35 - mmengine - INFO - Epoch(train)  [77][ 50/196]  lr: 1.0000e-03  eta: 0:15:28  time: 0.1976  data_time: 0.0015  memory: 1999  loss: 0.5086
2023/02/04 09:02:45 - mmengine - INFO - Epoch(train)  [77][100/196]  lr: 1.0000e-03  eta: 0:15:18  time: 0.1965  data_time: 0.0014  memory: 1999  loss: 0.5145
2023/02/04 09:02:46 - mmengine - INFO - Exp name: resnet18_cifar10_20230204_081138
2023/02/04 09:02:55 - mmengine - INFO - Epoch(train)  [77][150/196]  lr: 1.0000e-03  eta: 0:15:08  time: 0.1954  data_time: 0.0012  memory: 1999  loss: 0.5103
2023/02/04 09:03:04 - mmengine - INFO - Exp name: resnet18_cifar10_20230204_081138
2023/02/04 09:03:15 - mmengine - INFO - Epoch(train)  [78][ 50/196]  lr: 1.0000e-03  eta: 0:14:49  time: 0.2184  data_time: 0.0054  memory: 1999  loss: 0.5170
2023/02/04 09:03:25 - mmengine - INFO - Epoch(train)  [78][100/196]  lr: 1.0000e-03  eta: 0:14:39  time: 0.2000  data_time: 0.0027  memory: 1999  loss: 0.5117
2023/02/04 09:03:34 - mmengine - INFO - Epoch(train)  [78][150/196]  lr: 1.0000e-03  eta: 0:14:29  time: 0.1982  data_time: 0.0015  memory: 1999  loss: 0.5097
2023/02/04 09:03:43 - mmengine - INFO - Exp name: resnet18_cifar10_20230204_081138
2023/02/04 09:03:54 - mmengine - INFO - Epoch(train)  [79][ 50/196]  lr: 1.0000e-03  eta: 0:14:10  time: 0.1953  data_time: 0.0013  memory: 1999  loss: 0.5114
2023/02/04 09:04:03 - mmengine - INFO - Epoch(train)  [79][100/196]  lr: 1.0000e-03  eta: 0:14:00  time: 0.1954  data_time: 0.0014  memory: 1999  loss: 0.5090
2023/02/04 09:04:13 - mmengine - INFO - Epoch(train)  [79][150/196]  lr: 1.0000e-03  eta: 0:13:50  time: 0.1953  data_time: 0.0013  memory: 1999  loss: 0.5087
2023/02/04 09:04:23 - mmengine - INFO - Exp name: resnet18_cifar10_20230204_081138
2023/02/04 09:04:33 - mmengine - INFO - Epoch(train)  [80][ 50/196]  lr: 1.0000e-03  eta: 0:13:31  time: 0.1993  data_time: 0.0013  memory: 1999  loss: 0.5143
2023/02/04 09:04:43 - mmengine - INFO - Epoch(train)  [80][100/196]  lr: 1.0000e-03  eta: 0:13:21  time: 0.1977  data_time: 0.0026  memory: 1999  loss: 0.5100
2023/02/04 09:04:53 - mmengine - INFO - Epoch(train)  [80][150/196]  lr: 1.0000e-03  eta: 0:13:11  time: 0.2001  data_time: 0.0036  memory: 1999  loss: 0.5102
2023/02/04 09:05:01 - mmengine - INFO - Exp name: resnet18_cifar10_20230204_081138
2023/02/04 09:05:01 - mmengine - INFO - Saving checkpoint at 80 epochs
2023/02/04 09:05:05 - mmengine - INFO - Epoch(val) [80][40/40]  accuracy/top1: 92.4100
2023/02/04 09:05:15 - mmengine - INFO - Epoch(train)  [81][ 50/196]  lr: 1.0000e-03  eta: 0:12:51  time: 0.2027  data_time: 0.0029  memory: 1999  loss: 0.5098
2023/02/04 09:05:25 - mmengine - INFO - Epoch(train)  [81][100/196]  lr: 1.0000e-03  eta: 0:12:41  time: 0.1992  data_time: 0.0033  memory: 1999  loss: 0.5112
2023/02/04 09:05:35 - mmengine - INFO - Epoch(train)  [81][150/196]  lr: 1.0000e-03  eta: 0:12:31  time: 0.1963  data_time: 0.0015  memory: 1999  loss: 0.5145
2023/02/04 09:05:44 - mmengine - INFO - Exp name: resnet18_cifar10_20230204_081138
2023/02/04 09:05:54 - mmengine - INFO - Epoch(train)  [82][ 50/196]  lr: 1.0000e-03  eta: 0:12:12  time: 0.2066  data_time: 0.0041  memory: 1999  loss: 0.5086
2023/02/04 09:06:04 - mmengine - INFO - Epoch(train)  [82][100/196]  lr: 1.0000e-03  eta: 0:12:02  time: 0.1955  data_time: 0.0012  memory: 1999  loss: 0.5095
2023/02/04 09:06:09 - mmengine - INFO - Exp name: resnet18_cifar10_20230204_081138
2023/02/04 09:06:14 - mmengine - INFO - Epoch(train)  [82][150/196]  lr: 1.0000e-03  eta: 0:11:52  time: 0.1973  data_time: 0.0014  memory: 1999  loss: 0.5118
2023/02/04 09:06:23 - mmengine - INFO - Exp name: resnet18_cifar10_20230204_081138
2023/02/04 09:06:34 - mmengine - INFO - Epoch(train)  [83][ 50/196]  lr: 1.0000e-03  eta: 0:11:33  time: 0.1963  data_time: 0.0015  memory: 1999  loss: 0.5134
2023/02/04 09:06:43 - mmengine - INFO - Epoch(train)  [83][100/196]  lr: 1.0000e-03  eta: 0:11:23  time: 0.1965  data_time: 0.0019  memory: 1999  loss: 0.5106
2023/02/04 09:06:53 - mmengine - INFO - Epoch(train)  [83][150/196]  lr: 1.0000e-03  eta: 0:11:13  time: 0.2020  data_time: 0.0042  memory: 1999  loss: 0.5115
2023/02/04 09:07:02 - mmengine - INFO - Exp name: resnet18_cifar10_20230204_081138
2023/02/04 09:07:13 - mmengine - INFO - Epoch(train)  [84][ 50/196]  lr: 1.0000e-03  eta: 0:10:54  time: 0.1953  data_time: 0.0012  memory: 1999  loss: 0.5120
2023/02/04 09:07:22 - mmengine - INFO - Epoch(train)  [84][100/196]  lr: 1.0000e-03  eta: 0:10:44  time: 0.1978  data_time: 0.0016  memory: 1999  loss: 0.5096
2023/02/04 09:07:33 - mmengine - INFO - Epoch(train)  [84][150/196]  lr: 1.0000e-03  eta: 0:10:34  time: 0.1961  data_time: 0.0014  memory: 1999  loss: 0.5178
2023/02/04 09:07:41 - mmengine - INFO - Exp name: resnet18_cifar10_20230204_081138
2023/02/04 09:07:52 - mmengine - INFO - Epoch(train)  [85][ 50/196]  lr: 1.0000e-03  eta: 0:10:15  time: 0.1956  data_time: 0.0013  memory: 1999  loss: 0.5118
2023/02/04 09:08:02 - mmengine - INFO - Epoch(train)  [85][100/196]  lr: 1.0000e-03  eta: 0:10:05  time: 0.2045  data_time: 0.0039  memory: 1999  loss: 0.5099
2023/02/04 09:08:12 - mmengine - INFO - Epoch(train)  [85][150/196]  lr: 1.0000e-03  eta: 0:09:55  time: 0.2034  data_time: 0.0036  memory: 1999  loss: 0.5078
2023/02/04 09:08:21 - mmengine - INFO - Exp name: resnet18_cifar10_20230204_081138
2023/02/04 09:08:24 - mmengine - INFO - Epoch(val) [85][40/40]  accuracy/top1: 92.4200
2023/02/04 09:08:34 - mmengine - INFO - Epoch(train)  [86][ 50/196]  lr: 1.0000e-03  eta: 0:09:36  time: 0.2112  data_time: 0.0042  memory: 1999  loss: 0.5100
2023/02/04 09:08:44 - mmengine - INFO - Epoch(train)  [86][100/196]  lr: 1.0000e-03  eta: 0:09:26  time: 0.1973  data_time: 0.0027  memory: 1999  loss: 0.5140
2023/02/04 09:08:54 - mmengine - INFO - Epoch(train)  [86][150/196]  lr: 1.0000e-03  eta: 0:09:16  time: 0.1993  data_time: 0.0014  memory: 1999  loss: 0.5077
2023/02/04 09:09:03 - mmengine - INFO - Exp name: resnet18_cifar10_20230204_081138
2023/02/04 09:09:13 - mmengine - INFO - Epoch(train)  [87][ 50/196]  lr: 1.0000e-03  eta: 0:08:57  time: 0.1966  data_time: 0.0013  memory: 1999  loss: 0.5168
2023/02/04 09:09:23 - mmengine - INFO - Epoch(train)  [87][100/196]  lr: 1.0000e-03  eta: 0:08:47  time: 0.1963  data_time: 0.0013  memory: 1999  loss: 0.5087
2023/02/04 09:09:32 - mmengine - INFO - Exp name: resnet18_cifar10_20230204_081138
2023/02/04 09:09:33 - mmengine - INFO - Epoch(train)  [87][150/196]  lr: 1.0000e-03  eta: 0:08:37  time: 0.1974  data_time: 0.0013  memory: 1999  loss: 0.5132
2023/02/04 09:09:42 - mmengine - INFO - Exp name: resnet18_cifar10_20230204_081138
2023/02/04 09:09:52 - mmengine - INFO - Epoch(train)  [88][ 50/196]  lr: 1.0000e-03  eta: 0:08:18  time: 0.1980  data_time: 0.0015  memory: 1999  loss: 0.5097
2023/02/04 09:10:02 - mmengine - INFO - Epoch(train)  [88][100/196]  lr: 1.0000e-03  eta: 0:08:08  time: 0.2036  data_time: 0.0039  memory: 1999  loss: 0.5064
2023/02/04 09:10:12 - mmengine - INFO - Epoch(train)  [88][150/196]  lr: 1.0000e-03  eta: 0:07:58  time: 0.2022  data_time: 0.0055  memory: 1999  loss: 0.5101
2023/02/04 09:10:21 - mmengine - INFO - Exp name: resnet18_cifar10_20230204_081138
2023/02/04 09:10:31 - mmengine - INFO - Epoch(train)  [89][ 50/196]  lr: 1.0000e-03  eta: 0:07:39  time: 0.1953  data_time: 0.0013  memory: 1999  loss: 0.5088
2023/02/04 09:10:41 - mmengine - INFO - Epoch(train)  [89][100/196]  lr: 1.0000e-03  eta: 0:07:29  time: 0.1998  data_time: 0.0020  memory: 1999  loss: 0.5093
2023/02/04 09:10:51 - mmengine - INFO - Epoch(train)  [89][150/196]  lr: 1.0000e-03  eta: 0:07:19  time: 0.1975  data_time: 0.0016  memory: 1999  loss: 0.5075
2023/02/04 09:11:00 - mmengine - INFO - Exp name: resnet18_cifar10_20230204_081138
2023/02/04 09:11:10 - mmengine - INFO - Epoch(train)  [90][ 50/196]  lr: 1.0000e-03  eta: 0:06:59  time: 0.1954  data_time: 0.0014  memory: 1999  loss: 0.5126
2023/02/04 09:11:20 - mmengine - INFO - Epoch(train)  [90][100/196]  lr: 1.0000e-03  eta: 0:06:50  time: 0.1954  data_time: 0.0013  memory: 1999  loss: 0.5075
2023/02/04 09:11:30 - mmengine - INFO - Epoch(train)  [90][150/196]  lr: 1.0000e-03  eta: 0:06:40  time: 0.1974  data_time: 0.0014  memory: 1999  loss: 0.5137
2023/02/04 09:11:39 - mmengine - INFO - Exp name: resnet18_cifar10_20230204_081138
2023/02/04 09:11:42 - mmengine - INFO - Epoch(val) [90][40/40]  accuracy/top1: 92.4100
2023/02/04 09:11:52 - mmengine - INFO - Epoch(train)  [91][ 50/196]  lr: 1.0000e-03  eta: 0:06:20  time: 0.1960  data_time: 0.0014  memory: 1999  loss: 0.5069
2023/02/04 09:12:02 - mmengine - INFO - Epoch(train)  [91][100/196]  lr: 1.0000e-03  eta: 0:06:10  time: 0.1965  data_time: 0.0015  memory: 1999  loss: 0.5108
2023/02/04 09:12:12 - mmengine - INFO - Epoch(train)  [91][150/196]  lr: 1.0000e-03  eta: 0:06:00  time: 0.1982  data_time: 0.0026  memory: 1999  loss: 0.5097
2023/02/04 09:12:21 - mmengine - INFO - Exp name: resnet18_cifar10_20230204_081138
2023/02/04 09:12:31 - mmengine - INFO - Epoch(train)  [92][ 50/196]  lr: 1.0000e-03  eta: 0:05:41  time: 0.1971  data_time: 0.0013  memory: 1999  loss: 0.5054
2023/02/04 09:12:41 - mmengine - INFO - Epoch(train)  [92][100/196]  lr: 1.0000e-03  eta: 0:05:31  time: 0.1968  data_time: 0.0014  memory: 1999  loss: 0.5107
2023/02/04 09:12:51 - mmengine - INFO - Epoch(train)  [92][150/196]  lr: 1.0000e-03  eta: 0:05:21  time: 0.2046  data_time: 0.0015  memory: 1999  loss: 0.5098
2023/02/04 09:12:54 - mmengine - INFO - Exp name: resnet18_cifar10_20230204_081138
2023/02/04 09:13:00 - mmengine - INFO - Exp name: resnet18_cifar10_20230204_081138
2023/02/04 09:13:10 - mmengine - INFO - Epoch(train)  [93][ 50/196]  lr: 1.0000e-03  eta: 0:05:02  time: 0.1953  data_time: 0.0013  memory: 1999  loss: 0.5098
2023/02/04 09:13:20 - mmengine - INFO - Epoch(train)  [93][100/196]  lr: 1.0000e-03  eta: 0:04:52  time: 0.1995  data_time: 0.0021  memory: 1999  loss: 0.5095
2023/02/04 09:13:30 - mmengine - INFO - Epoch(train)  [93][150/196]  lr: 1.0000e-03  eta: 0:04:42  time: 0.2116  data_time: 0.0039  memory: 1999  loss: 0.5080
2023/02/04 09:13:39 - mmengine - INFO - Exp name: resnet18_cifar10_20230204_081138
2023/02/04 09:13:49 - mmengine - INFO - Epoch(train)  [94][ 50/196]  lr: 1.0000e-03  eta: 0:04:23  time: 0.1954  data_time: 0.0014  memory: 1999  loss: 0.5081
2023/02/04 09:13:59 - mmengine - INFO - Epoch(train)  [94][100/196]  lr: 1.0000e-03  eta: 0:04:13  time: 0.1959  data_time: 0.0016  memory: 1999  loss: 0.5104
2023/02/04 09:14:09 - mmengine - INFO - Epoch(train)  [94][150/196]  lr: 1.0000e-03  eta: 0:04:03  time: 0.1952  data_time: 0.0014  memory: 1999  loss: 0.5093
2023/02/04 09:14:18 - mmengine - INFO - Exp name: resnet18_cifar10_20230204_081138
2023/02/04 09:14:28 - mmengine - INFO - Epoch(train)  [95][ 50/196]  lr: 1.0000e-03  eta: 0:03:44  time: 0.1978  data_time: 0.0015  memory: 1999  loss: 0.5105
2023/02/04 09:14:38 - mmengine - INFO - Epoch(train)  [95][100/196]  lr: 1.0000e-03  eta: 0:03:34  time: 0.1977  data_time: 0.0015  memory: 1999  loss: 0.5091
2023/02/04 09:14:48 - mmengine - INFO - Epoch(train)  [95][150/196]  lr: 1.0000e-03  eta: 0:03:24  time: 0.1962  data_time: 0.0013  memory: 1999  loss: 0.5106
2023/02/04 09:14:57 - mmengine - INFO - Exp name: resnet18_cifar10_20230204_081138
2023/02/04 09:15:01 - mmengine - INFO - Epoch(val) [95][40/40]  accuracy/top1: 92.3300
2023/02/04 09:15:11 - mmengine - INFO - Epoch(train)  [96][ 50/196]  lr: 1.0000e-03  eta: 0:03:05  time: 0.1980  data_time: 0.0017  memory: 1999  loss: 0.5061
2023/02/04 09:15:21 - mmengine - INFO - Epoch(train)  [96][100/196]  lr: 1.0000e-03  eta: 0:02:55  time: 0.1984  data_time: 0.0027  memory: 1999  loss: 0.5095
2023/02/04 09:15:31 - mmengine - INFO - Epoch(train)  [96][150/196]  lr: 1.0000e-03  eta: 0:02:45  time: 0.2106  data_time: 0.0062  memory: 1999  loss: 0.5111
2023/02/04 09:15:40 - mmengine - INFO - Exp name: resnet18_cifar10_20230204_081138
2023/02/04 09:15:50 - mmengine - INFO - Epoch(train)  [97][ 50/196]  lr: 1.0000e-03  eta: 0:02:26  time: 0.1959  data_time: 0.0014  memory: 1999  loss: 0.5066
2023/02/04 09:15:59 - mmengine - INFO - Epoch(train)  [97][100/196]  lr: 1.0000e-03  eta: 0:02:16  time: 0.1973  data_time: 0.0014  memory: 1999  loss: 0.5114
2023/02/04 09:16:09 - mmengine - INFO - Epoch(train)  [97][150/196]  lr: 1.0000e-03  eta: 0:02:06  time: 0.1948  data_time: 0.0012  memory: 1999  loss: 0.5093
2023/02/04 09:16:16 - mmengine - INFO - Exp name: resnet18_cifar10_20230204_081138
2023/02/04 09:16:18 - mmengine - INFO - Exp name: resnet18_cifar10_20230204_081138
2023/02/04 09:16:29 - mmengine - INFO - Epoch(train)  [98][ 50/196]  lr: 1.0000e-03  eta: 0:01:47  time: 0.1975  data_time: 0.0020  memory: 1999  loss: 0.5073
2023/02/04 09:16:39 - mmengine - INFO - Epoch(train)  [98][100/196]  lr: 1.0000e-03  eta: 0:01:37  time: 0.1954  data_time: 0.0014  memory: 1999  loss: 0.5075
2023/02/04 09:16:48 - mmengine - INFO - Epoch(train)  [98][150/196]  lr: 1.0000e-03  eta: 0:01:27  time: 0.1999  data_time: 0.0027  memory: 1999  loss: 0.5074
2023/02/04 09:16:57 - mmengine - INFO - Exp name: resnet18_cifar10_20230204_081138
2023/02/04 09:17:08 - mmengine - INFO - Epoch(train)  [99][ 50/196]  lr: 1.0000e-03  eta: 0:01:08  time: 0.2123  data_time: 0.0158  memory: 1999  loss: 0.5075
2023/02/04 09:17:18 - mmengine - INFO - Epoch(train)  [99][100/196]  lr: 1.0000e-03  eta: 0:00:58  time: 0.1960  data_time: 0.0017  memory: 1999  loss: 0.5057
2023/02/04 09:17:28 - mmengine - INFO - Epoch(train)  [99][150/196]  lr: 1.0000e-03  eta: 0:00:48  time: 0.1956  data_time: 0.0014  memory: 1999  loss: 0.5087
2023/02/04 09:17:37 - mmengine - INFO - Exp name: resnet18_cifar10_20230204_081138
2023/02/04 09:17:47 - mmengine - INFO - Epoch(train) [100][ 50/196]  lr: 1.0000e-03  eta: 0:00:29  time: 0.1982  data_time: 0.0025  memory: 1999  loss: 0.5096
2023/02/04 09:17:57 - mmengine - INFO - Epoch(train) [100][100/196]  lr: 1.0000e-03  eta: 0:00:19  time: 0.1989  data_time: 0.0015  memory: 1999  loss: 0.5073
2023/02/04 09:18:07 - mmengine - INFO - Epoch(train) [100][150/196]  lr: 1.0000e-03  eta: 0:00:09  time: 0.1985  data_time: 0.0017  memory: 1999  loss: 0.5081
2023/02/04 09:18:16 - mmengine - INFO - Exp name: resnet18_cifar10_20230204_081138
2023/02/04 09:18:16 - mmengine - INFO - Saving checkpoint at 100 epochs
2023/02/04 09:18:20 - mmengine - INFO - Epoch(val) [100][40/40]  accuracy/top1: 92.3900
